2025-09-16 09:52:04,908 [INFO] WebApp:194 - Connection lost
2025-09-16 09:52:35,019 [INFO] WebApp:191 - Connection restablished
2025-09-16 09:52:35,935 [INFO] WebApp:194 - Connection lost
2025-09-16 09:52:36,109 [INFO] WebApp:191 - Connection restablished
2025-09-16 09:52:36,533 [INFO] WebApp:194 - Connection lost
2025-09-16 09:52:36,708 [INFO] WebApp:191 - Connection restablished
2025-09-16 09:53:55,958 [INFO] WebApp:194 - Connection lost
2025-09-16 09:53:56,100 [INFO] WebApp:191 - Connection restablished
2025-09-16 09:53:59,274 [INFO] WebApp:194 - Connection lost
2025-09-16 09:53:59,422 [INFO] WebApp:191 - Connection restablished
2025-09-16 10:02:24,884 [INFO] WebApp:194 - Connection lost
2025-09-16 10:02:25,625 [INFO] WebApp:191 - Connection restablished
2025-09-16 10:02:28,611 [INFO] WebApp:194 - Connection lost
2025-09-16 10:02:28,995 [INFO] WebApp:191 - Connection restablished
2025-09-16 10:02:29,151 [INFO] WebApp:194 - Connection lost
2025-09-16 10:02:29,427 [INFO] WebApp:191 - Connection restablished
2025-09-16 10:12:10,656 [INFO] Activator:176 - 


2025-09-16 10:12:10,660 [INFO] Activator:177 - !SESSION log4j initialized
2025-09-16 10:12:17,745 [INFO] LogOutputStream:77 - [STDOUT_REDIRECT] 
2025-09-16 10:12:19,453 [INFO] ApplicationProperties:184 - Using Application install path: C:\ST\STM32CubeIDE_1.19.0\STM32CubeIDE\plugins\com.st.stm32cube.common.mx_6.15.0.202507011659
2025-09-16 10:12:19,474 [INFO] DbMcusXml:78 - Set database path to: C:\ST\STM32CubeIDE_1.19.0\STM32CubeIDE\plugins\com.st.stm32cube.common.mx_6.15.0.202507011659\\db\/mcu/
2025-09-16 10:12:19,474 [INFO] ApiDb:274 - Set plugin database path to: C:\ST\STM32CubeIDE_1.19.0\STM32CubeIDE\plugins\com.st.stm32cube.common.mx_6.15.0.202507011659\\db\/plugins/boardmanager/
2025-09-16 10:12:19,474 [WARN] ApiDb:259 - Overriding images path with different value:  => C:\ST\STM32CubeIDE_1.19.0\STM32CubeIDE\plugins\com.st.stm32cube.common.mx_6.15.0.202507011659\\db\/plugins/mcufinder/images/
2025-09-16 10:12:19,486 [INFO] ApiDb:250 - Set database path to: C:\Users\Grant\.stmcufinder\plugins\mcufinder//mcu/
2025-09-16 10:12:19,487 [INFO] DbMcusAds:125 - Set database path to: C:\Users\Grant\.stmcufinder\plugins\mcufinder//mcu/
2025-09-16 10:12:19,491 [INFO] CrossReferenceDbSqlite:203 - Set database path to: C:\Users\Grant\.stmcufinder\plugins\mcufinder//mcu/cs/
2025-09-16 10:12:19,658 [INFO] RulesReader:64 - Compatibility file has been processed (317 Rules)
2025-09-16 10:12:19,778 [INFO] DbMcusXml:78 - Set database path to: C:\ST\STM32CubeIDE_1.19.0\STM32CubeIDE\plugins\com.st.stm32cube.common.mx_6.15.0.202507011659\\db\/mcu/
2025-09-16 10:12:19,778 [INFO] ApiDb:274 - Set plugin database path to: C:\ST\STM32CubeIDE_1.19.0\STM32CubeIDE\plugins\com.st.stm32cube.common.mx_6.15.0.202507011659\\db\/plugins/boardmanager/
2025-09-16 10:12:19,778 [INFO] ApiDb:261 - Set plugin images path to: C:\ST\STM32CubeIDE_1.19.0\STM32CubeIDE\plugins\com.st.stm32cube.common.mx_6.15.0.202507011659\\db\/plugins/mcufinder/images/
2025-09-16 10:12:19,778 [WARN] DbFile:41 - Overriding database path with different value: C:\Users\Grant\.stmcufinder\plugins\mcufinder/ => C:\Users\Grant\.stmcufinder\plugins\mcufinder
2025-09-16 10:12:19,779 [INFO] ApiDb:250 - Set database path to: C:\Users\Grant\.stmcufinder\plugins\mcufinder//mcu/
2025-09-16 10:12:19,779 [WARN] DbFile:41 - Overriding database path with different value: C:\Users\Grant\.stmcufinder\plugins\mcufinder/ => C:\Users\Grant\.stmcufinder\plugins\mcufinder
2025-09-16 10:12:19,779 [INFO] DbMcusAds:125 - Set database path to: C:\Users\Grant\.stmcufinder\plugins\mcufinder//mcu/
2025-09-16 10:12:19,779 [WARN] DbFile:41 - Overriding database path with different value: C:\Users\Grant\.stmcufinder\plugins\mcufinder/ => C:\Users\Grant\.stmcufinder\plugins\mcufinder
2025-09-16 10:12:19,779 [WARN] DbFile:41 - Overriding database path with different value: C:\Users\Grant\.stmcufinder\plugins\mcufinder/ => C:\Users\Grant\.stmcufinder\plugins\mcufinder
2025-09-16 10:12:19,779 [INFO] CrossReferenceDbSqlite:203 - Set database path to: C:\Users\Grant\.stmcufinder\plugins\mcufinder//mcu/cs/
2025-09-16 10:12:19,870 [INFO] MainPanel:274 - HeapMemory: 268435456
2025-09-16 10:12:20,003 [INFO] DbMcusXml:78 - Set database path to: C:\ST\STM32CubeIDE_1.19.0\STM32CubeIDE\plugins\com.st.stm32cube.common.mx_6.15.0.202507011659\\db\/mcu/
2025-09-16 10:12:20,004 [INFO] ApiDb:274 - Set plugin database path to: C:\ST\STM32CubeIDE_1.19.0\STM32CubeIDE\plugins\com.st.stm32cube.common.mx_6.15.0.202507011659\\db\/plugins/boardmanager/
2025-09-16 10:12:20,004 [INFO] ApiDb:261 - Set plugin images path to: C:\ST\STM32CubeIDE_1.19.0\STM32CubeIDE\plugins\com.st.stm32cube.common.mx_6.15.0.202507011659\\db\/plugins/mcufinder/images/
2025-09-16 10:12:20,004 [WARN] DbFile:41 - Overriding database path with different value: C:\Users\Grant\.stmcufinder\plugins\mcufinder/ => C:\Users\Grant\.stmcufinder\plugins\mcufinder
2025-09-16 10:12:20,004 [INFO] ApiDb:250 - Set database path to: C:\Users\Grant\.stmcufinder\plugins\mcufinder//mcu/
2025-09-16 10:12:20,004 [WARN] DbFile:41 - Overriding database path with different value: C:\Users\Grant\.stmcufinder\plugins\mcufinder/ => C:\Users\Grant\.stmcufinder\plugins\mcufinder
2025-09-16 10:12:20,004 [INFO] DbMcusAds:125 - Set database path to: C:\Users\Grant\.stmcufinder\plugins\mcufinder//mcu/
2025-09-16 10:12:20,005 [WARN] DbFile:41 - Overriding database path with different value: C:\Users\Grant\.stmcufinder\plugins\mcufinder/ => C:\Users\Grant\.stmcufinder\plugins\mcufinder
2025-09-16 10:12:20,005 [WARN] DbFile:41 - Overriding database path with different value: C:\Users\Grant\.stmcufinder\plugins\mcufinder/ => C:\Users\Grant\.stmcufinder\plugins\mcufinder
2025-09-16 10:12:20,005 [INFO] CrossReferenceDbSqlite:203 - Set database path to: C:\Users\Grant\.stmcufinder\plugins\mcufinder//mcu/cs/
2025-09-16 10:12:20,026 [INFO] ApplicationProperties:184 - Using Application install path: C:\ST\STM32CubeIDE_1.19.0\STM32CubeIDE\plugins\com.st.stm32cube.common.mx_6.15.0.202507011659
2025-09-16 10:12:20,029 [INFO] PluginManage:196 - Search for loadable plugins [exclusion list=, ]
2025-09-16 10:12:20,031 [INFO] PluginManage:310 - Check plugin analytics
2025-09-16 10:12:20,263 [INFO] AnalyticsPlugin:253 - Accepted Software Licenses: 
2025-09-16 10:12:20,263 [INFO] AnalyticsPlugin:255 - Accepted CMSIS Pack Licenses: 
2025-09-16 10:12:20,263 [INFO] AnalyticsPlugin:257 - Accepted Firmware Licenses: FW.L4.1.18.0
2025-09-16 10:12:20,268 [INFO] PluginManage:359 - Loaded plugin analytics (category:tool,tabindex:-1)
2025-09-16 10:12:20,269 [INFO] PluginManage:310 - Check plugin cadmodel
2025-09-16 10:12:20,276 [INFO] CADModel:105 - Init CAD model plugin
2025-09-16 10:12:20,277 [INFO] PluginManage:359 - Loaded plugin cadmodel (category:power,tabindex:5)
2025-09-16 10:12:20,277 [INFO] PluginManage:310 - Check plugin clock
2025-09-16 10:12:20,289 [INFO] PluginManage:359 - Loaded plugin clock (category:base,tabindex:2)
2025-09-16 10:12:20,290 [INFO] PluginManage:310 - Check plugin ddr
2025-09-16 10:12:20,293 [INFO] PluginManage:359 - Loaded plugin ddr (category:tool,tabindex:6)
2025-09-16 10:12:20,293 [INFO] PluginManage:310 - Check plugin filemanager
2025-09-16 10:12:20,485 [INFO] PluginManage:359 - Loaded plugin filemanager (category:base,tabindex:10)
2025-09-16 10:12:20,485 [INFO] PluginManage:310 - Check plugin ipmanager
2025-09-16 10:12:20,493 [INFO] PluginManage:359 - Loaded plugin ipmanager (category:base,tabindex:5)
2025-09-16 10:12:20,494 [INFO] PluginManage:310 - Check plugin lpbam
2025-09-16 10:12:20,505 [INFO] PluginManage:359 - Loaded plugin lpbam (category:base,tabindex:0)
2025-09-16 10:12:20,506 [INFO] PluginManage:310 - Check plugin memorymap
2025-09-16 10:12:20,527 [INFO] PluginManage:359 - Loaded plugin memorymap (category:base,tabindex:4)
2025-09-16 10:12:20,528 [INFO] PluginManage:310 - Check plugin pinoutandconfiguration
2025-09-16 10:12:20,543 [INFO] PluginManage:359 - Loaded plugin pinoutandconfiguration (category:base,tabindex:1)
2025-09-16 10:12:20,543 [INFO] PluginManage:310 - Check plugin pinoutconfig
2025-09-16 10:12:20,696 [WARN] SupportedApi:132 - Cannot load RTOS API schema: s4s-elt-must-match.1: The content of 'definitions' must match (annotation?, (simpleType | complexType)?, (unique | key | keyref)*)). A problem was found starting at: attribute.
2025-09-16 10:12:20,912 [INFO] PluginManage:359 - Loaded plugin pinoutconfig (category:base,tabindex:0)
2025-09-16 10:12:20,912 [INFO] PluginManage:310 - Check plugin power
2025-09-16 10:12:20,929 [INFO] PluginManage:359 - Loaded plugin power (category:power,tabindex:4)
2025-09-16 10:12:20,929 [INFO] PluginManage:310 - Check plugin projectmanager
2025-09-16 10:12:20,957 [INFO] PluginManage:359 - Loaded plugin projectmanager (category:projectmanager,tabindex:4)
2025-09-16 10:12:20,957 [INFO] PluginManage:310 - Check plugin rif
2025-09-16 10:12:20,971 [INFO] PluginManage:359 - Loaded plugin rif (category:base,tabindex:3)
2025-09-16 10:12:20,971 [INFO] PluginManage:310 - Check plugin thirdparty
2025-09-16 10:12:21,178 [WARN] IntegrityCheckThread:84 - waiting for thirdparty lock release [integrity check]
2025-09-16 10:12:21,179 [INFO] IntegrityCheckThread:86 - entering critical section [integrity check]
2025-09-16 10:12:21,179 [INFO] PluginManage:359 - Loaded plugin thirdparty (category:base,tabindex:-1)
2025-09-16 10:12:21,179 [INFO] ThirdPartyUpdaterWithRetryManager:70 - Updater plugin not ready yet. [1/15]
2025-09-16 10:12:21,179 [INFO] PluginManage:310 - Check plugin tools
2025-09-16 10:12:21,185 [INFO] PluginManage:359 - Loaded plugin tools (category:base,tabindex:7)
2025-09-16 10:12:21,185 [INFO] PluginManage:310 - Check plugin tutovideos
2025-09-16 10:12:21,435 [INFO] PluginManage:359 - Loaded plugin tutovideos (category:base,tabindex:-1)
2025-09-16 10:12:21,435 [INFO] PluginManage:310 - Check plugin updater
2025-09-16 10:12:21,463 [INFO] PluginManage:359 - Loaded plugin updater (category:base,tabindex:12)
2025-09-16 10:12:21,463 [INFO] PluginManage:310 - Check plugin userauth
2025-09-16 10:12:21,469 [INFO] UserAuth:118 - Init User Auth plugin
2025-09-16 10:12:21,470 [INFO] PluginManage:359 - Loaded plugin userauth (category:base,tabindex:14)
2025-09-16 10:12:21,470 [INFO] PluginManage:283 - PluginManage : Loaded plugins [18]
2025-09-16 10:12:21,980 [INFO] PinOutPanel:1589 - setPackage(No Configuration,No Configuration)
2025-09-16 10:12:22,085 [INFO] CADModel:165 - CPN selected for project level
2025-09-16 10:12:22,085 [INFO] CADModel:114 - Register for checkConnection events
2025-09-16 10:12:22,108 [INFO] IPUIPlugin:80 - create IPUIPlugin
2025-09-16 10:12:22,108 [INFO] PluginManager:220 - loadIPPluginJar : add adc
2025-09-16 10:12:22,112 [INFO] IPUIPlugin:80 - create IPUIPlugin
2025-09-16 10:12:22,112 [INFO] PluginManager:220 - loadIPPluginJar : add aes
2025-09-16 10:12:22,115 [INFO] IPUIPlugin:80 - create IPUIPlugin
2025-09-16 10:12:22,116 [INFO] PluginManager:220 - loadIPPluginJar : add can
2025-09-16 10:12:22,118 [INFO] IPUIPlugin:80 - create IPUIPlugin
2025-09-16 10:12:22,118 [INFO] PluginManager:220 - loadIPPluginJar : add comp
2025-09-16 10:12:22,122 [INFO] IPUIPlugin:80 - create IPUIPlugin
2025-09-16 10:12:22,122 [INFO] PluginManager:220 - loadIPPluginJar : add cryp
2025-09-16 10:12:22,126 [INFO] IPUIPlugin:80 - create IPUIPlugin
2025-09-16 10:12:22,127 [INFO] PluginManager:220 - loadIPPluginJar : add ddr_ctrl_phy
2025-09-16 10:12:22,130 [INFO] IPUIPlugin:80 - create IPUIPlugin
2025-09-16 10:12:22,131 [INFO] PluginManager:220 - loadIPPluginJar : add dfsdm
2025-09-16 10:12:22,138 [INFO] IPUIPlugin:80 - create IPUIPlugin
2025-09-16 10:12:22,139 [INFO] PluginManager:220 - loadIPPluginJar : add dma
2025-09-16 10:12:22,143 [INFO] IPUIPlugin:80 - create IPUIPlugin
2025-09-16 10:12:22,143 [INFO] PluginManager:220 - loadIPPluginJar : add dma3
2025-09-16 10:12:22,149 [INFO] IPUIPlugin:80 - create IPUIPlugin
2025-09-16 10:12:22,150 [INFO] PluginManager:220 - loadIPPluginJar : add extmemmanager
2025-09-16 10:12:22,152 [INFO] IPUIPlugin:80 - create IPUIPlugin
2025-09-16 10:12:22,153 [INFO] PluginManager:220 - loadIPPluginJar : add fatfs
2025-09-16 10:12:22,159 [INFO] IPUIPlugin:80 - create IPUIPlugin
2025-09-16 10:12:22,159 [INFO] PluginManager:220 - loadIPPluginJar : add fmc
2025-09-16 10:12:22,166 [INFO] IPUIPlugin:80 - create IPUIPlugin
2025-09-16 10:12:22,167 [INFO] PluginManager:220 - loadIPPluginJar : add freertos
2025-09-16 10:12:22,169 [INFO] IPUIPlugin:80 - create IPUIPlugin
2025-09-16 10:12:22,169 [INFO] PluginManager:220 - loadIPPluginJar : add genericplugin
2025-09-16 10:12:22,172 [INFO] IPUIPlugin:80 - create IPUIPlugin
2025-09-16 10:12:22,172 [INFO] PluginManager:220 - loadIPPluginJar : add gfxmmu
2025-09-16 10:12:22,179 [INFO] IPUIPlugin:80 - create IPUIPlugin
2025-09-16 10:12:22,179 [INFO] PluginManager:220 - loadIPPluginJar : add gic
2025-09-16 10:12:22,185 [INFO] IPUIPlugin:80 - create IPUIPlugin
2025-09-16 10:12:22,185 [INFO] PluginManager:220 - loadIPPluginJar : add gpio
2025-09-16 10:12:22,191 [INFO] IPUIPlugin:80 - create IPUIPlugin
2025-09-16 10:12:22,191 [INFO] PluginManager:220 - loadIPPluginJar : add gtzc
2025-09-16 10:12:22,195 [INFO] IPUIPlugin:80 - create IPUIPlugin
2025-09-16 10:12:22,195 [INFO] PluginManager:220 - loadIPPluginJar : add hash
2025-09-16 10:12:22,199 [INFO] IPUIPlugin:80 - create IPUIPlugin
2025-09-16 10:12:22,200 [INFO] PluginManager:220 - loadIPPluginJar : add i2c
2025-09-16 10:12:22,204 [INFO] IPUIPlugin:80 - create IPUIPlugin
2025-09-16 10:12:22,204 [INFO] PluginManager:220 - loadIPPluginJar : add i2s
2025-09-16 10:12:22,209 [INFO] IPUIPlugin:80 - create IPUIPlugin
2025-09-16 10:12:22,209 [INFO] PluginManager:220 - loadIPPluginJar : add i3c
2025-09-16 10:12:22,214 [INFO] IPUIPlugin:80 - create IPUIPlugin
2025-09-16 10:12:22,215 [INFO] PluginManager:220 - loadIPPluginJar : add ipddr
2025-09-16 10:12:22,225 [INFO] IPUIPlugin:80 - create IPUIPlugin
2025-09-16 10:12:22,226 [INFO] PluginManager:220 - loadIPPluginJar : add linkedlist
2025-09-16 10:12:22,230 [INFO] IPUIPlugin:80 - create IPUIPlugin
2025-09-16 10:12:22,230 [INFO] PluginManager:220 - loadIPPluginJar : add lorawan
2025-09-16 10:12:22,233 [INFO] IPUIPlugin:80 - create IPUIPlugin
2025-09-16 10:12:22,233 [INFO] PluginManager:220 - loadIPPluginJar : add ltdc
2025-09-16 10:12:22,240 [INFO] IPUIPlugin:80 - create IPUIPlugin
2025-09-16 10:12:22,240 [INFO] PluginManager:220 - loadIPPluginJar : add mdma
2025-09-16 10:12:22,244 [INFO] IPUIPlugin:80 - create IPUIPlugin
2025-09-16 10:12:22,245 [INFO] PluginManager:220 - loadIPPluginJar : add nvic
2025-09-16 10:12:22,248 [INFO] IPUIPlugin:80 - create IPUIPlugin
2025-09-16 10:12:22,248 [INFO] PluginManager:220 - loadIPPluginJar : add opamp
2025-09-16 10:12:22,252 [INFO] IPUIPlugin:80 - create IPUIPlugin
2025-09-16 10:12:22,253 [INFO] PluginManager:220 - loadIPPluginJar : add openamp
2025-09-16 10:12:22,257 [INFO] IPUIPlugin:80 - create IPUIPlugin
2025-09-16 10:12:22,257 [INFO] PluginManager:220 - loadIPPluginJar : add pdm2pcm
2025-09-16 10:12:22,264 [INFO] IPUIPlugin:80 - create IPUIPlugin
2025-09-16 10:12:22,267 [INFO] PluginManager:220 - loadIPPluginJar : add plateformsettings
2025-09-16 10:12:22,269 [INFO] IPUIPlugin:80 - create IPUIPlugin
2025-09-16 10:12:22,269 [INFO] PluginManager:220 - loadIPPluginJar : add quadspi
2025-09-16 10:12:22,271 [INFO] IPUIPlugin:80 - create IPUIPlugin
2025-09-16 10:12:22,272 [INFO] PluginManager:220 - loadIPPluginJar : add radio
2025-09-16 10:12:22,278 [INFO] IPUIPlugin:80 - create IPUIPlugin
2025-09-16 10:12:22,278 [INFO] PluginManager:220 - loadIPPluginJar : add resmgrutility
2025-09-16 10:12:22,281 [INFO] IPUIPlugin:80 - create IPUIPlugin
2025-09-16 10:12:22,281 [INFO] PluginManager:220 - loadIPPluginJar : add sai
2025-09-16 10:12:22,285 [INFO] IPUIPlugin:80 - create IPUIPlugin
2025-09-16 10:12:22,285 [INFO] PluginManager:220 - loadIPPluginJar : add spi
2025-09-16 10:12:22,292 [INFO] IPUIPlugin:80 - create IPUIPlugin
2025-09-16 10:12:22,292 [INFO] PluginManager:220 - loadIPPluginJar : add stm32_wpan
2025-09-16 10:12:22,294 [INFO] IPUIPlugin:80 - create IPUIPlugin
2025-09-16 10:12:22,294 [INFO] PluginManager:220 - loadIPPluginJar : add tim
2025-09-16 10:12:22,298 [INFO] IPUIPlugin:80 - create IPUIPlugin
2025-09-16 10:12:22,299 [INFO] PluginManager:220 - loadIPPluginJar : add touchsensing
2025-09-16 10:12:22,302 [INFO] IPUIPlugin:80 - create IPUIPlugin
2025-09-16 10:12:22,302 [INFO] PluginManager:220 - loadIPPluginJar : add tracer_emb
2025-09-16 10:12:22,305 [INFO] IPUIPlugin:80 - create IPUIPlugin
2025-09-16 10:12:22,305 [INFO] PluginManager:220 - loadIPPluginJar : add ts
2025-09-16 10:12:22,308 [INFO] IPUIPlugin:80 - create IPUIPlugin
2025-09-16 10:12:22,308 [INFO] PluginManager:220 - loadIPPluginJar : add tsc
2025-09-16 10:12:22,312 [INFO] IPUIPlugin:80 - create IPUIPlugin
2025-09-16 10:12:22,312 [INFO] PluginManager:220 - loadIPPluginJar : add ucpd
2025-09-16 10:12:22,316 [INFO] IPUIPlugin:80 - create IPUIPlugin
2025-09-16 10:12:22,317 [INFO] PluginManager:220 - loadIPPluginJar : add usart
2025-09-16 10:12:22,321 [INFO] IPUIPlugin:80 - create IPUIPlugin
2025-09-16 10:12:22,321 [INFO] PluginManager:220 - loadIPPluginJar : add usbx
2025-09-16 10:12:22,461 [FATAL] Updater:351 - Updater called before beeing initialized
2025-09-16 10:12:22,499 [INFO] RulesReader:64 - Compatibility file has been processed (317 Rules)
2025-09-16 10:12:22,514 [INFO] RulesReader:64 - Compatibility file has been processed (317 Rules)
2025-09-16 10:12:22,527 [INFO] CADModel:165 - CPN selected for project level
2025-09-16 10:12:22,527 [INFO] CADModel:114 - Register for checkConnection events
2025-09-16 10:12:22,527 [FATAL] Updater:351 - Updater called before beeing initialized
2025-09-16 10:12:22,527 [ERROR] CADModel:125 - Updater not yet initialized, retry later 
2025-09-16 10:12:22,729 [FATAL] Updater:351 - Updater called before beeing initialized
2025-09-16 10:12:22,732 [INFO] CADModel:165 - CPN selected for project level
2025-09-16 10:12:22,733 [INFO] CADModel:114 - Register for checkConnection events
2025-09-16 10:12:22,733 [FATAL] Updater:351 - Updater called before beeing initialized
2025-09-16 10:12:22,733 [ERROR] CADModel:125 - Updater not yet initialized, retry later 
2025-09-16 10:12:22,738 [FATAL] Updater:351 - Updater called before beeing initialized
2025-09-16 10:12:22,923 [FATAL] Updater:351 - Updater called before beeing initialized
2025-09-16 10:12:22,928 [INFO] DbMcusAds:53 - JSON generation date=Tue Jul 08 04:14:23 EDT 2025 (1751962463582)
2025-09-16 10:12:22,929 [FATAL] Updater:351 - Updater called before beeing initialized
2025-09-16 10:12:22,974 [WARN] DetailPanel:346 - Failed to get advertising image, set to default
2025-09-16 10:12:23,063 [FATAL] Updater:351 - Updater called before beeing initialized
2025-09-16 10:12:23,065 [FATAL] Updater:351 - Updater called before beeing initialized
2025-09-16 10:12:23,065 [FATAL] Updater:351 - Updater called before beeing initialized
2025-09-16 10:12:23,066 [WARN] DetailPanel:346 - Failed to get advertising image, set to default
2025-09-16 10:12:23,067 [FATAL] Updater:351 - Updater called before beeing initialized
2025-09-16 10:12:23,115 [ERROR] Updater:1198 - MainUpdater not yet initialized. External WinMGr cannot be set.
2025-09-16 10:12:23,117 [INFO] Updater:1134 - Updater Version found : 6.15.0
2025-09-16 10:12:23,133 [INFO] ApplicationProperties:184 - Using Application install path: C:\ST\STM32CubeIDE_1.19.0\STM32CubeIDE\plugins\com.st.stm32cube.common.mx_6.15.0.202507011659
2025-09-16 10:12:24,181 [INFO] ThirdPartyUpdaterWithRetryManager:70 - Updater plugin not ready yet. [2/15]
2025-09-16 10:12:24,707 [ERROR] LogOutputStream:75 - [STDERR_REDIRECT] Sep 16, 2025 10:12:24 AM java.util.prefs.WindowsPreferences <init>
2025-09-16 10:12:24,708 [ERROR] LogOutputStream:75 - [STDERR_REDIRECT] WARNING: Could not open/create prefs root node Software\JavaSoft\Prefs at root 0xffffffff80000002. Windows RegCreateKeyEx(...) returned error code 5.
2025-09-16 10:12:24,708 [ERROR] LogOutputStream:75 - [STDERR_REDIRECT] 
2025-09-16 10:12:25,047 [INFO] MainUpdater:2872 - connection check result : 10
2025-09-16 10:12:25,047 [INFO] MainUpdater:289 - Updater Check For Update Now.
2025-09-16 10:12:25,048 [INFO] MicroXplorer:498 - Change Database Version : DB.6.0.150
2025-09-16 10:12:25,056 [INFO] McuFinderGlobals:63 - Set McuFinder mode to 2 (CubeIDE integrated)
2025-09-16 10:12:25,057 [INFO] UserAuth:487 - Internet connection configuration mode: 1
2025-09-16 10:12:25,099 [INFO] JxBrowserEngine:152 - Initiate JxBrowser Engine with user profile folder
2025-09-16 10:12:25,276 [INFO] CheckServerUpdateThread:120 - End of CheckServer Thread
2025-09-16 10:12:26,868 [INFO] WebApp:169 - Instantiating new browser for Auth
2025-09-16 10:12:27,633 [WARN] PackLoader:240 - Cannot read IP mode file for STMicroelectronics.FP-SNS-MOTENVWB1.1.4.0
2025-09-16 10:12:27,658 [WARN] PackLoader:240 - Cannot read IP mode file for STMicroelectronics.FP-ATR-ASTRA1.2.0.2
2025-09-16 10:12:27,669 [WARN] PackLoader:240 - Cannot read IP mode file for STMicroelectronics.X-CUBE-SMBUS.2.1.0
2025-09-16 10:12:27,677 [WARN] PackLoader:240 - Cannot read IP mode file for STMicroelectronics.X-CUBE-ST60.1.0.0
2025-09-16 10:12:27,730 [WARN] PackLoader:240 - Cannot read IP mode file for STMicroelectronics.X-CUBE-AZRTOS-F7.1.1.0
2025-09-16 10:12:27,750 [WARN] PackLoader:240 - Cannot read IP mode file for WES.I-CUBE-Cesium.1.4.0
2025-09-16 10:12:27,791 [WARN] PackLoader:240 - Cannot read IP mode file for Infineon.AIROC-Wi-Fi-Bluetooth-STM32.1.7.1
2025-09-16 10:12:27,842 [WARN] PackLoader:240 - Cannot read IP mode file for STMicroelectronics.X-CUBE-AZRTOS-H7.3.4.0
2025-09-16 10:12:27,872 [WARN] PackLoader:240 - Cannot read IP mode file for STMicroelectronics.X-CUBE-DISPLAY.3.0.0
2025-09-16 10:12:27,931 [WARN] PackLoader:240 - Cannot read IP mode file for STMicroelectronics.X-CUBE-NFC10.1.0.0
2025-09-16 10:12:27,946 [WARN] PackLoader:240 - Cannot read IP mode file for emotas.I-CUBE-CANOPEN.1.3.0
2025-09-16 10:12:27,962 [WARN] PackLoader:240 - Cannot read IP mode file for STMicroelectronics.FP-SNS-STBOX1.2.1.0
2025-09-16 10:12:27,979 [WARN] PackLoader:240 - Cannot read IP mode file for STMicroelectronics.FP-SNS-SMARTAG2.1.2.0
2025-09-16 10:12:27,987 [WARN] PackLoader:240 - Cannot read IP mode file for STMicroelectronics.FP-SNS-FLIGHT1.5.1.0
2025-09-16 10:12:28,004 [INFO] LogOutputStream:77 - [STDOUT_REDIRECT] 1 : Invalid condition id : UX_CORESTACK_Condition cause : null
2025-09-16 10:12:28,005 [INFO] LogOutputStream:77 - [STDOUT_REDIRECT] 1 : Invalid condition id : UX_CORESTACK_Condition cause : null
2025-09-16 10:12:28,007 [INFO] LogOutputStream:77 - [STDOUT_REDIRECT] 1 : Invalid condition id : UX_CORESTACK_Condition cause : null
2025-09-16 10:12:28,009 [INFO] LogOutputStream:77 - [STDOUT_REDIRECT] 1 : Invalid condition id : UX_CORESTACK_Condition cause : null
2025-09-16 10:12:28,011 [INFO] LogOutputStream:77 - [STDOUT_REDIRECT] 1 : Invalid condition id : UX_CORESTACK_Condition cause : null
2025-09-16 10:12:28,016 [WARN] PackLoader:240 - Cannot read IP mode file for STMicroelectronics.X-CUBE-AZRTOS-WL.2.0.0
2025-09-16 10:12:28,025 [WARN] PackLoader:240 - Cannot read IP mode file for STMicroelectronics.FP-SNS-MOTENV1.5.0.0
2025-09-16 10:12:28,037 [WARN] PackLoader:240 - Cannot read IP mode file for STMicroelectronics.X-CUBE-BLE2.3.3.0
2025-09-16 10:12:28,047 [WARN] PackLoader:240 - Cannot read IP mode file for STMicroelectronics.X-CUBE-NFC9.1.0.0
2025-09-16 10:12:28,060 [WARN] PackLoader:240 - Cannot read IP mode file for wolfSSL.I-CUBE-wolfSSL.5.8.2
2025-09-16 10:12:28,069 [WARN] PackLoader:240 - Cannot read IP mode file for STMicroelectronics.X-CUBE-BLE1.7.1.0
2025-09-16 10:12:28,080 [WARN] PackLoader:240 - Cannot read IP mode file for wolfSSL.I-CUBE-wolfMQTT.1.19.2
2025-09-16 10:12:28,093 [WARN] PackLoader:240 - Cannot read IP mode file for STMicroelectronics.X-CUBE-EEPRMA1.5.2.0
2025-09-16 10:12:28,172 [WARN] PackLoader:240 - Cannot read IP mode file for STMicroelectronics.X-CUBE-AZRTOS-G0.1.1.0
2025-09-16 10:12:28,184 [WARN] PackLoader:240 - Cannot read IP mode file for STMicroelectronics.X-CUBE-SAFEA1.1.2.2
2025-09-16 10:12:28,196 [WARN] PackLoader:240 - Cannot read IP mode file for STMicroelectronics.X-CUBE-NFC4.3.0.0
2025-09-16 10:12:28,210 [WARN] PackLoader:240 - Cannot read IP mode file for EmbeddedOffice.I-CUBE-FS-RTOS.1.0.1
2025-09-16 10:12:28,218 [WARN] PackLoader:240 - Cannot read IP mode file for STMicroelectronics.X-CUBE-WB05N.2.0.0
2025-09-16 10:12:28,224 [WARN] PackLoader:240 - Cannot read IP mode file for wolfSSL.I-CUBE-wolfTPM.3.8.0
2025-09-16 10:12:28,233 [WARN] PackLoader:240 - Cannot read IP mode file for STMicroelectronics.X-CUBE-TCPP.4.2.0
2025-09-16 10:12:28,243 [WARN] PackLoader:240 - Cannot read IP mode file for RealThread.X-CUBE-RT-Thread_Nano.4.1.1
2025-09-16 10:12:28,250 [WARN] PackLoader:240 - Cannot read IP mode file for STMicroelectronics.FP-ATR-SIGFOX1.3.2.0
2025-09-16 10:12:28,260 [WARN] PackLoader:240 - Cannot read IP mode file for ITTIA_DB.I-CUBE-ITTIADB.8.9.0
2025-09-16 10:12:28,272 [WARN] PackLoader:240 - Cannot read IP mode file for STMicroelectronics.X-CUBE-ST67W61.1.0.0
2025-09-16 10:12:28,279 [WARN] PackLoader:240 - Cannot read IP mode file for STMicroelectronics.X-CUBE-AI.10.2.0
2025-09-16 10:12:28,290 [INFO] WebApp:463 - Apply proxy settings
2025-09-16 10:12:28,291 [INFO] WebApp:548 - Chromium requires no authentication
2025-09-16 10:12:28,309 [INFO] WebApp:491 - Direct internet connection detected
2025-09-16 10:12:28,316 [WARN] PackLoader:240 - Cannot read IP mode file for SEGGER.I-CUBE-embOS.1.3.1
2025-09-16 10:12:28,367 [INFO] WebApp:900 - Register for checkConnection events
2025-09-16 10:12:28,368 [INFO] WebApp:463 - Apply proxy settings
2025-09-16 10:12:28,368 [INFO] WebApp:548 - Chromium requires no authentication
2025-09-16 10:12:28,369 [INFO] WebApp:491 - Direct internet connection detected
2025-09-16 10:12:28,386 [WARN] PackLoader:240 - Cannot read IP mode file for STMicroelectronics.X-CUBE-ALGOBUILD.1.4.0
2025-09-16 10:12:28,467 [WARN] PackLoader:240 - Cannot read IP mode file for STMicroelectronics.X-CUBE-MEMS1.11.3.0
2025-09-16 10:12:28,759 [WARN] PackLoader:240 - Cannot read IP mode file for STMicroelectronics.X-CUBE-PM33A1.1.0.0
2025-09-16 10:12:28,775 [INFO] WebApp:191 - Connection restablished
2025-09-16 10:12:28,784 [WARN] PackLoader:240 - Cannot read IP mode file for STMicroelectronics.X-CUBE-AZRTOS-F4.1.1.0
2025-09-16 10:12:28,795 [WARN] PackLoader:240 - Cannot read IP mode file for Avnet-IotConnect.X-CUBE-IoTC-DA16k-PMOD.1.0.0
2025-09-16 10:12:28,802 [WARN] PackLoader:240 - Cannot read IP mode file for STMicroelectronics.X-CUBE-ISPU.2.1.0
2025-09-16 10:12:28,813 [WARN] PackLoader:240 - Cannot read IP mode file for STMicroelectronics.X-CUBE-NFC12.1.0.0
2025-09-16 10:12:28,838 [WARN] PackLoader:240 - Cannot read IP mode file for STMicroelectronics.X-CUBE-AZRTOS-L5.2.0.0
2025-09-16 10:12:28,852 [WARN] PackLoader:240 - Cannot read IP mode file for STMicroelectronics.X-CUBE-NFC6.3.1.0
2025-09-16 10:12:28,864 [WARN] PackLoader:240 - Cannot read IP mode file for STMicroelectronics.X-CUBE-FREERTOS.1.3.1
2025-09-16 10:12:28,872 [WARN] PackLoader:240 - Cannot read IP mode file for STMicroelectronics.FP-SNS-STAIOTCFT.1.0.0
2025-09-16 10:12:28,880 [WARN] PackLoader:240 - Cannot read IP mode file for STMicroelectronics.X-CUBE-DPower.1.3.0
2025-09-16 10:12:28,908 [WARN] ConditionMgr:438 - getConditionDescription Invalid condition id : LAN8742 Phy interface Condition cause : null
2025-09-16 10:12:28,910 [WARN] PackLoader:240 - Cannot read IP mode file for STMicroelectronics.X-CUBE-AZRTOS-L4.2.0.0
2025-09-16 10:12:28,914 [WARN] ConditionMgr:1044 - genDependencies : Invalid condition id : LAN8742 Phy interface Condition cause : null
2025-09-16 10:12:28,914 [WARN] ConditionMgr:1044 - genDependencies : Invalid condition id : LAN8742 Phy interface Condition cause : null
2025-09-16 10:12:28,915 [WARN] ConditionMgr:1044 - genDependencies : Invalid condition id : LAN8742 Phy interface Condition cause : null
2025-09-16 10:12:28,930 [WARN] PackLoader:240 - Cannot read IP mode file for STMicroelectronics.X-CUBE-SFXS2LP1.4.0.0
2025-09-16 10:12:28,950 [WARN] PackLoader:240 - Cannot read IP mode file for STMicroelectronics.X-CUBE-BLEMGR.4.1.0
2025-09-16 10:12:28,973 [WARN] ConditionMgr:438 - getConditionDescription Invalid condition id : UX DEVICE CLASS RTOS Condition cause : null
2025-09-16 10:12:28,974 [WARN] ConditionMgr:438 - getConditionDescription Invalid condition id : UX DEVICE CLASS RTOS Condition cause : null
2025-09-16 10:12:28,977 [WARN] PackLoader:240 - Cannot read IP mode file for STMicroelectronics.X-CUBE-AZRTOS-WB.2.0.0
2025-09-16 10:12:28,977 [WARN] ConditionMgr:1044 - genDependencies : Invalid condition id : UX DEVICE CLASS RTOS Condition cause : null
2025-09-16 10:12:28,978 [WARN] ConditionMgr:1044 - genDependencies : Invalid condition id : UX DEVICE CLASS RTOS Condition cause : null
2025-09-16 10:12:28,978 [WARN] ConditionMgr:1044 - genDependencies : Invalid condition id : UX DEVICE CLASS RTOS Condition cause : null
2025-09-16 10:12:28,979 [WARN] ConditionMgr:1044 - genDependencies : Invalid condition id : UX DEVICE CLASS RTOS Condition cause : null
2025-09-16 10:12:28,979 [WARN] ConditionMgr:1044 - genDependencies : Invalid condition id : UX DEVICE CLASS RTOS Condition cause : null
2025-09-16 10:12:28,987 [WARN] PackLoader:240 - Cannot read IP mode file for STMicroelectronics.X-CUBE-GNSS1.7.0.1
2025-09-16 10:12:28,996 [WARN] PackLoader:240 - Cannot read IP mode file for STMicroelectronics.X-CUBE-TOUCHGFX.4.25.0
2025-09-16 10:12:29,002 [WARN] ConditionMgr:438 - getConditionDescription Invalid condition id : Cortex-A Device cause : null
2025-09-16 10:12:29,019 [WARN] ConditionMgr:1044 - genDependencies : Invalid condition id : Cortex-A Device cause : null
2025-09-16 10:12:29,019 [WARN] ConditionMgr:1044 - genDependencies : Invalid condition id : Cortex-A Device cause : null
2025-09-16 10:12:29,019 [WARN] ConditionMgr:1044 - genDependencies : Invalid condition id : Cortex-A Device cause : null
2025-09-16 10:12:29,042 [WARN] PackLoader:240 - Cannot read IP mode file for STMicroelectronics.X-CUBE-SUBG2.5.0.0
2025-09-16 10:12:29,074 [WARN] PackLoader:240 - Cannot read IP mode file for STMicroelectronics.X-CUBE-AZRTOS-H7RS.1.1.0
2025-09-16 10:12:29,083 [WARN] PackLoader:240 - Cannot read IP mode file for Cesanta.I-CUBE-Mongoose.7.13.0
2025-09-16 10:12:29,098 [INFO] WebApp:225 - Starting web application
2025-09-16 10:12:29,099 [INFO] WebApp:593 - Web application path used C:\ST\STM32CubeIDE_1.19.0\STM32CubeIDE\plugins\com.st.stm32cube.common.mx_6.15.0.202507011659\db\plugins\mcufinder\reactClient1\index.html
2025-09-16 10:12:29,106 [WARN] PackLoader:240 - Cannot read IP mode file for STMicroelectronics.X-CUBE-AZRTOS-G4.2.0.0
2025-09-16 10:12:29,115 [WARN] PackLoader:240 - Cannot read IP mode file for wolfSSL.I-CUBE-wolfSSH.1.4.20
2025-09-16 10:12:29,123 [WARN] PackLoader:240 - Cannot read IP mode file for STMicroelectronics.X-CUBE-NFC7.2.0.0
2025-09-16 10:12:29,141 [WARN] PackLoader:240 - Cannot read IP mode file for STMicroelectronics.X-CUBE-IPS.3.1.0
2025-09-16 10:12:29,154 [WARN] PackLoader:240 - Cannot read IP mode file for STMicroelectronics.X-CUBE-ALS.1.0.2
2025-09-16 10:12:29,164 [WARN] PackLoader:240 - Cannot read IP mode file for STMicroelectronics.X-CUBE-STSE01.1.0.0
2025-09-16 10:12:29,175 [WARN] PackLoader:240 - Cannot read IP mode file for portGmbH.I-Cube-SoM-uGOAL.1.1.0
2025-09-16 10:12:29,191 [WARN] PackLoader:240 - Cannot read IP mode file for STMicroelectronics.X-CUBE-TOF1.3.4.3
2025-09-16 10:12:29,214 [INFO] ThirdParty:978 - Integrity check success = true
2025-09-16 10:12:29,214 [INFO] IntegrityCheckThread:100 - exiting critical section [integrity check]
2025-09-16 10:12:29,214 [INFO] IntegrityCheckThread:103 - End integrity checks thread
2025-09-16 10:12:29,805 [INFO] UserAuth:487 - Internet connection configuration mode: 1
2025-09-16 10:13:01,875 [INFO] WebApp:194 - Connection lost
2025-09-16 10:13:02,062 [INFO] WebApp:191 - Connection restablished
2025-09-16 10:23:07,336 [INFO] WebApp:194 - Connection lost
2025-09-16 10:23:07,449 [INFO] WebApp:191 - Connection restablished
2025-09-16 11:27:19,682 [ERROR] LogOutputStream:75 - [STDERR_REDIRECT] 
2025-09-16 11:28:21,562 [INFO] Activator:176 - 


2025-09-16 11:28:21,565 [INFO] Activator:177 - !SESSION log4j initialized
2025-09-16 11:28:27,468 [INFO] LogOutputStream:77 - [STDOUT_REDIRECT] 
2025-09-16 11:28:28,832 [INFO] ApplicationProperties:184 - Using Application install path: C:\ST\STM32CubeIDE_1.19.0\STM32CubeIDE\plugins\com.st.stm32cube.common.mx_6.15.0.202507011659
2025-09-16 11:28:28,851 [INFO] DbMcusXml:78 - Set database path to: C:\ST\STM32CubeIDE_1.19.0\STM32CubeIDE\plugins\com.st.stm32cube.common.mx_6.15.0.202507011659\\db\/mcu/
2025-09-16 11:28:28,851 [INFO] ApiDb:274 - Set plugin database path to: C:\ST\STM32CubeIDE_1.19.0\STM32CubeIDE\plugins\com.st.stm32cube.common.mx_6.15.0.202507011659\\db\/plugins/boardmanager/
2025-09-16 11:28:28,851 [WARN] ApiDb:259 - Overriding images path with different value:  => C:\ST\STM32CubeIDE_1.19.0\STM32CubeIDE\plugins\com.st.stm32cube.common.mx_6.15.0.202507011659\\db\/plugins/mcufinder/images/
2025-09-16 11:28:28,861 [INFO] ApiDb:250 - Set database path to: C:\Users\Grant\.stmcufinder\plugins\mcufinder//mcu/
2025-09-16 11:28:28,861 [INFO] DbMcusAds:125 - Set database path to: C:\Users\Grant\.stmcufinder\plugins\mcufinder//mcu/
2025-09-16 11:28:28,861 [INFO] CrossReferenceDbSqlite:203 - Set database path to: C:\Users\Grant\.stmcufinder\plugins\mcufinder//mcu/cs/
2025-09-16 11:28:28,996 [INFO] RulesReader:64 - Compatibility file has been processed (317 Rules)
2025-09-16 11:28:29,082 [INFO] DbMcusXml:78 - Set database path to: C:\ST\STM32CubeIDE_1.19.0\STM32CubeIDE\plugins\com.st.stm32cube.common.mx_6.15.0.202507011659\\db\/mcu/
2025-09-16 11:28:29,082 [INFO] ApiDb:274 - Set plugin database path to: C:\ST\STM32CubeIDE_1.19.0\STM32CubeIDE\plugins\com.st.stm32cube.common.mx_6.15.0.202507011659\\db\/plugins/boardmanager/
2025-09-16 11:28:29,082 [INFO] ApiDb:261 - Set plugin images path to: C:\ST\STM32CubeIDE_1.19.0\STM32CubeIDE\plugins\com.st.stm32cube.common.mx_6.15.0.202507011659\\db\/plugins/mcufinder/images/
2025-09-16 11:28:29,082 [WARN] DbFile:41 - Overriding database path with different value: C:\Users\Grant\.stmcufinder\plugins\mcufinder/ => C:\Users\Grant\.stmcufinder\plugins\mcufinder
2025-09-16 11:28:29,082 [INFO] ApiDb:250 - Set database path to: C:\Users\Grant\.stmcufinder\plugins\mcufinder//mcu/
2025-09-16 11:28:29,082 [WARN] DbFile:41 - Overriding database path with different value: C:\Users\Grant\.stmcufinder\plugins\mcufinder/ => C:\Users\Grant\.stmcufinder\plugins\mcufinder
2025-09-16 11:28:29,082 [INFO] DbMcusAds:125 - Set database path to: C:\Users\Grant\.stmcufinder\plugins\mcufinder//mcu/
2025-09-16 11:28:29,082 [WARN] DbFile:41 - Overriding database path with different value: C:\Users\Grant\.stmcufinder\plugins\mcufinder/ => C:\Users\Grant\.stmcufinder\plugins\mcufinder
2025-09-16 11:28:29,083 [WARN] DbFile:41 - Overriding database path with different value: C:\Users\Grant\.stmcufinder\plugins\mcufinder/ => C:\Users\Grant\.stmcufinder\plugins\mcufinder
2025-09-16 11:28:29,083 [INFO] CrossReferenceDbSqlite:203 - Set database path to: C:\Users\Grant\.stmcufinder\plugins\mcufinder//mcu/cs/
2025-09-16 11:28:29,165 [INFO] MainPanel:274 - HeapMemory: 268435456
2025-09-16 11:28:29,285 [INFO] DbMcusXml:78 - Set database path to: C:\ST\STM32CubeIDE_1.19.0\STM32CubeIDE\plugins\com.st.stm32cube.common.mx_6.15.0.202507011659\\db\/mcu/
2025-09-16 11:28:29,285 [INFO] ApiDb:274 - Set plugin database path to: C:\ST\STM32CubeIDE_1.19.0\STM32CubeIDE\plugins\com.st.stm32cube.common.mx_6.15.0.202507011659\\db\/plugins/boardmanager/
2025-09-16 11:28:29,285 [INFO] ApiDb:261 - Set plugin images path to: C:\ST\STM32CubeIDE_1.19.0\STM32CubeIDE\plugins\com.st.stm32cube.common.mx_6.15.0.202507011659\\db\/plugins/mcufinder/images/
2025-09-16 11:28:29,285 [WARN] DbFile:41 - Overriding database path with different value: C:\Users\Grant\.stmcufinder\plugins\mcufinder/ => C:\Users\Grant\.stmcufinder\plugins\mcufinder
2025-09-16 11:28:29,285 [INFO] ApiDb:250 - Set database path to: C:\Users\Grant\.stmcufinder\plugins\mcufinder//mcu/
2025-09-16 11:28:29,285 [WARN] DbFile:41 - Overriding database path with different value: C:\Users\Grant\.stmcufinder\plugins\mcufinder/ => C:\Users\Grant\.stmcufinder\plugins\mcufinder
2025-09-16 11:28:29,285 [INFO] DbMcusAds:125 - Set database path to: C:\Users\Grant\.stmcufinder\plugins\mcufinder//mcu/
2025-09-16 11:28:29,288 [WARN] DbFile:41 - Overriding database path with different value: C:\Users\Grant\.stmcufinder\plugins\mcufinder/ => C:\Users\Grant\.stmcufinder\plugins\mcufinder
2025-09-16 11:28:29,288 [WARN] DbFile:41 - Overriding database path with different value: C:\Users\Grant\.stmcufinder\plugins\mcufinder/ => C:\Users\Grant\.stmcufinder\plugins\mcufinder
2025-09-16 11:28:29,288 [INFO] CrossReferenceDbSqlite:203 - Set database path to: C:\Users\Grant\.stmcufinder\plugins\mcufinder//mcu/cs/
2025-09-16 11:28:29,305 [INFO] ApplicationProperties:184 - Using Application install path: C:\ST\STM32CubeIDE_1.19.0\STM32CubeIDE\plugins\com.st.stm32cube.common.mx_6.15.0.202507011659
2025-09-16 11:28:29,305 [INFO] PluginManage:196 - Search for loadable plugins [exclusion list=, ]
2025-09-16 11:28:29,309 [INFO] PluginManage:310 - Check plugin analytics
2025-09-16 11:28:29,494 [INFO] AnalyticsPlugin:253 - Accepted Software Licenses: 
2025-09-16 11:28:29,494 [INFO] AnalyticsPlugin:255 - Accepted CMSIS Pack Licenses: 
2025-09-16 11:28:29,496 [INFO] AnalyticsPlugin:257 - Accepted Firmware Licenses: FW.L4.1.18.0
2025-09-16 11:28:29,496 [INFO] PluginManage:359 - Loaded plugin analytics (category:tool,tabindex:-1)
2025-09-16 11:28:29,496 [INFO] PluginManage:310 - Check plugin cadmodel
2025-09-16 11:28:29,501 [INFO] CADModel:105 - Init CAD model plugin
2025-09-16 11:28:29,501 [INFO] PluginManage:359 - Loaded plugin cadmodel (category:power,tabindex:5)
2025-09-16 11:28:29,501 [INFO] PluginManage:310 - Check plugin clock
2025-09-16 11:28:29,509 [INFO] PluginManage:359 - Loaded plugin clock (category:base,tabindex:2)
2025-09-16 11:28:29,509 [INFO] PluginManage:310 - Check plugin ddr
2025-09-16 11:28:29,513 [INFO] PluginManage:359 - Loaded plugin ddr (category:tool,tabindex:6)
2025-09-16 11:28:29,513 [INFO] PluginManage:310 - Check plugin filemanager
2025-09-16 11:28:29,685 [INFO] PluginManage:359 - Loaded plugin filemanager (category:base,tabindex:10)
2025-09-16 11:28:29,685 [INFO] PluginManage:310 - Check plugin ipmanager
2025-09-16 11:28:29,692 [INFO] PluginManage:359 - Loaded plugin ipmanager (category:base,tabindex:5)
2025-09-16 11:28:29,692 [INFO] PluginManage:310 - Check plugin lpbam
2025-09-16 11:28:29,694 [INFO] PluginManage:359 - Loaded plugin lpbam (category:base,tabindex:0)
2025-09-16 11:28:29,694 [INFO] PluginManage:310 - Check plugin memorymap
2025-09-16 11:28:29,717 [INFO] PluginManage:359 - Loaded plugin memorymap (category:base,tabindex:4)
2025-09-16 11:28:29,717 [INFO] PluginManage:310 - Check plugin pinoutandconfiguration
2025-09-16 11:28:29,726 [INFO] PluginManage:359 - Loaded plugin pinoutandconfiguration (category:base,tabindex:1)
2025-09-16 11:28:29,726 [INFO] PluginManage:310 - Check plugin pinoutconfig
2025-09-16 11:28:29,825 [WARN] SupportedApi:132 - Cannot load RTOS API schema: s4s-elt-must-match.1: The content of 'definitions' must match (annotation?, (simpleType | complexType)?, (unique | key | keyref)*)). A problem was found starting at: attribute.
2025-09-16 11:28:29,961 [INFO] PluginManage:359 - Loaded plugin pinoutconfig (category:base,tabindex:0)
2025-09-16 11:28:29,961 [INFO] PluginManage:310 - Check plugin power
2025-09-16 11:28:29,969 [INFO] PluginManage:359 - Loaded plugin power (category:power,tabindex:4)
2025-09-16 11:28:29,969 [INFO] PluginManage:310 - Check plugin projectmanager
2025-09-16 11:28:29,987 [INFO] PluginManage:359 - Loaded plugin projectmanager (category:projectmanager,tabindex:4)
2025-09-16 11:28:29,987 [INFO] PluginManage:310 - Check plugin rif
2025-09-16 11:28:29,999 [INFO] PluginManage:359 - Loaded plugin rif (category:base,tabindex:3)
2025-09-16 11:28:29,999 [INFO] PluginManage:310 - Check plugin thirdparty
2025-09-16 11:28:30,134 [WARN] IntegrityCheckThread:84 - waiting for thirdparty lock release [integrity check]
2025-09-16 11:28:30,134 [INFO] PluginManage:359 - Loaded plugin thirdparty (category:base,tabindex:-1)
2025-09-16 11:28:30,134 [INFO] IntegrityCheckThread:86 - entering critical section [integrity check]
2025-09-16 11:28:30,134 [INFO] PluginManage:310 - Check plugin tools
2025-09-16 11:28:30,134 [INFO] ThirdPartyUpdaterWithRetryManager:70 - Updater plugin not ready yet. [1/15]
2025-09-16 11:28:30,136 [INFO] PluginManage:359 - Loaded plugin tools (category:base,tabindex:7)
2025-09-16 11:28:30,136 [INFO] PluginManage:310 - Check plugin tutovideos
2025-09-16 11:28:30,412 [INFO] PluginManage:359 - Loaded plugin tutovideos (category:base,tabindex:-1)
2025-09-16 11:28:30,412 [INFO] PluginManage:310 - Check plugin updater
2025-09-16 11:28:30,433 [INFO] PluginManage:359 - Loaded plugin updater (category:base,tabindex:12)
2025-09-16 11:28:30,433 [INFO] PluginManage:310 - Check plugin userauth
2025-09-16 11:28:30,442 [INFO] UserAuth:118 - Init User Auth plugin
2025-09-16 11:28:30,443 [INFO] PluginManage:359 - Loaded plugin userauth (category:base,tabindex:14)
2025-09-16 11:28:30,444 [INFO] PluginManage:283 - PluginManage : Loaded plugins [18]
2025-09-16 11:28:30,665 [INFO] PinOutPanel:1589 - setPackage(No Configuration,No Configuration)
2025-09-16 11:28:30,743 [INFO] CADModel:165 - CPN selected for project level
2025-09-16 11:28:30,743 [INFO] CADModel:114 - Register for checkConnection events
2025-09-16 11:28:30,760 [INFO] IPUIPlugin:80 - create IPUIPlugin
2025-09-16 11:28:30,760 [INFO] PluginManager:220 - loadIPPluginJar : add adc
2025-09-16 11:28:30,760 [INFO] IPUIPlugin:80 - create IPUIPlugin
2025-09-16 11:28:30,760 [INFO] PluginManager:220 - loadIPPluginJar : add aes
2025-09-16 11:28:30,775 [INFO] IPUIPlugin:80 - create IPUIPlugin
2025-09-16 11:28:30,775 [INFO] PluginManager:220 - loadIPPluginJar : add can
2025-09-16 11:28:30,776 [INFO] IPUIPlugin:80 - create IPUIPlugin
2025-09-16 11:28:30,776 [INFO] PluginManager:220 - loadIPPluginJar : add comp
2025-09-16 11:28:30,776 [INFO] IPUIPlugin:80 - create IPUIPlugin
2025-09-16 11:28:30,776 [INFO] PluginManager:220 - loadIPPluginJar : add cryp
2025-09-16 11:28:30,782 [INFO] IPUIPlugin:80 - create IPUIPlugin
2025-09-16 11:28:30,782 [INFO] PluginManager:220 - loadIPPluginJar : add ddr_ctrl_phy
2025-09-16 11:28:30,782 [INFO] IPUIPlugin:80 - create IPUIPlugin
2025-09-16 11:28:30,782 [INFO] PluginManager:220 - loadIPPluginJar : add dfsdm
2025-09-16 11:28:30,792 [INFO] IPUIPlugin:80 - create IPUIPlugin
2025-09-16 11:28:30,793 [INFO] PluginManager:220 - loadIPPluginJar : add dma
2025-09-16 11:28:30,797 [INFO] IPUIPlugin:80 - create IPUIPlugin
2025-09-16 11:28:30,797 [INFO] PluginManager:220 - loadIPPluginJar : add dma3
2025-09-16 11:28:30,797 [INFO] IPUIPlugin:80 - create IPUIPlugin
2025-09-16 11:28:30,797 [INFO] PluginManager:220 - loadIPPluginJar : add extmemmanager
2025-09-16 11:28:30,797 [INFO] IPUIPlugin:80 - create IPUIPlugin
2025-09-16 11:28:30,797 [INFO] PluginManager:220 - loadIPPluginJar : add fatfs
2025-09-16 11:28:30,797 [INFO] IPUIPlugin:80 - create IPUIPlugin
2025-09-16 11:28:30,797 [INFO] PluginManager:220 - loadIPPluginJar : add fmc
2025-09-16 11:28:30,811 [INFO] IPUIPlugin:80 - create IPUIPlugin
2025-09-16 11:28:30,811 [INFO] PluginManager:220 - loadIPPluginJar : add freertos
2025-09-16 11:28:30,812 [INFO] IPUIPlugin:80 - create IPUIPlugin
2025-09-16 11:28:30,813 [INFO] PluginManager:220 - loadIPPluginJar : add genericplugin
2025-09-16 11:28:30,814 [INFO] IPUIPlugin:80 - create IPUIPlugin
2025-09-16 11:28:30,814 [INFO] PluginManager:220 - loadIPPluginJar : add gfxmmu
2025-09-16 11:28:30,818 [INFO] IPUIPlugin:80 - create IPUIPlugin
2025-09-16 11:28:30,818 [INFO] PluginManager:220 - loadIPPluginJar : add gic
2025-09-16 11:28:30,822 [INFO] IPUIPlugin:80 - create IPUIPlugin
2025-09-16 11:28:30,822 [INFO] PluginManager:220 - loadIPPluginJar : add gpio
2025-09-16 11:28:30,825 [INFO] IPUIPlugin:80 - create IPUIPlugin
2025-09-16 11:28:30,825 [INFO] PluginManager:220 - loadIPPluginJar : add gtzc
2025-09-16 11:28:30,827 [INFO] IPUIPlugin:80 - create IPUIPlugin
2025-09-16 11:28:30,827 [INFO] PluginManager:220 - loadIPPluginJar : add hash
2025-09-16 11:28:30,830 [INFO] IPUIPlugin:80 - create IPUIPlugin
2025-09-16 11:28:30,830 [INFO] PluginManager:220 - loadIPPluginJar : add i2c
2025-09-16 11:28:30,832 [INFO] IPUIPlugin:80 - create IPUIPlugin
2025-09-16 11:28:30,832 [INFO] PluginManager:220 - loadIPPluginJar : add i2s
2025-09-16 11:28:30,834 [INFO] IPUIPlugin:80 - create IPUIPlugin
2025-09-16 11:28:30,834 [INFO] PluginManager:220 - loadIPPluginJar : add i3c
2025-09-16 11:28:30,840 [INFO] IPUIPlugin:80 - create IPUIPlugin
2025-09-16 11:28:30,840 [INFO] PluginManager:220 - loadIPPluginJar : add ipddr
2025-09-16 11:28:30,843 [INFO] IPUIPlugin:80 - create IPUIPlugin
2025-09-16 11:28:30,843 [INFO] PluginManager:220 - loadIPPluginJar : add linkedlist
2025-09-16 11:28:30,853 [INFO] IPUIPlugin:80 - create IPUIPlugin
2025-09-16 11:28:30,853 [INFO] PluginManager:220 - loadIPPluginJar : add lorawan
2025-09-16 11:28:30,853 [INFO] IPUIPlugin:80 - create IPUIPlugin
2025-09-16 11:28:30,853 [INFO] PluginManager:220 - loadIPPluginJar : add ltdc
2025-09-16 11:28:30,862 [INFO] IPUIPlugin:80 - create IPUIPlugin
2025-09-16 11:28:30,862 [INFO] PluginManager:220 - loadIPPluginJar : add mdma
2025-09-16 11:28:30,865 [INFO] IPUIPlugin:80 - create IPUIPlugin
2025-09-16 11:28:30,865 [INFO] PluginManager:220 - loadIPPluginJar : add nvic
2025-09-16 11:28:30,868 [INFO] IPUIPlugin:80 - create IPUIPlugin
2025-09-16 11:28:30,868 [INFO] PluginManager:220 - loadIPPluginJar : add opamp
2025-09-16 11:28:30,871 [INFO] IPUIPlugin:80 - create IPUIPlugin
2025-09-16 11:28:30,871 [INFO] PluginManager:220 - loadIPPluginJar : add openamp
2025-09-16 11:28:30,874 [INFO] IPUIPlugin:80 - create IPUIPlugin
2025-09-16 11:28:30,874 [INFO] PluginManager:220 - loadIPPluginJar : add pdm2pcm
2025-09-16 11:28:30,880 [INFO] IPUIPlugin:80 - create IPUIPlugin
2025-09-16 11:28:30,880 [INFO] PluginManager:220 - loadIPPluginJar : add plateformsettings
2025-09-16 11:28:30,880 [INFO] IPUIPlugin:80 - create IPUIPlugin
2025-09-16 11:28:30,880 [INFO] PluginManager:220 - loadIPPluginJar : add quadspi
2025-09-16 11:28:30,880 [INFO] IPUIPlugin:80 - create IPUIPlugin
2025-09-16 11:28:30,880 [INFO] PluginManager:220 - loadIPPluginJar : add radio
2025-09-16 11:28:30,893 [INFO] IPUIPlugin:80 - create IPUIPlugin
2025-09-16 11:28:30,893 [INFO] PluginManager:220 - loadIPPluginJar : add resmgrutility
2025-09-16 11:28:30,893 [INFO] IPUIPlugin:80 - create IPUIPlugin
2025-09-16 11:28:30,893 [INFO] PluginManager:220 - loadIPPluginJar : add sai
2025-09-16 11:28:30,902 [INFO] IPUIPlugin:80 - create IPUIPlugin
2025-09-16 11:28:30,902 [INFO] PluginManager:220 - loadIPPluginJar : add spi
2025-09-16 11:28:30,904 [INFO] IPUIPlugin:80 - create IPUIPlugin
2025-09-16 11:28:30,904 [INFO] PluginManager:220 - loadIPPluginJar : add stm32_wpan
2025-09-16 11:28:30,909 [INFO] IPUIPlugin:80 - create IPUIPlugin
2025-09-16 11:28:30,909 [INFO] PluginManager:220 - loadIPPluginJar : add tim
2025-09-16 11:28:30,911 [INFO] IPUIPlugin:80 - create IPUIPlugin
2025-09-16 11:28:30,911 [INFO] PluginManager:220 - loadIPPluginJar : add touchsensing
2025-09-16 11:28:30,913 [INFO] IPUIPlugin:80 - create IPUIPlugin
2025-09-16 11:28:30,913 [INFO] PluginManager:220 - loadIPPluginJar : add tracer_emb
2025-09-16 11:28:30,915 [INFO] IPUIPlugin:80 - create IPUIPlugin
2025-09-16 11:28:30,915 [INFO] PluginManager:220 - loadIPPluginJar : add ts
2025-09-16 11:28:30,915 [INFO] IPUIPlugin:80 - create IPUIPlugin
2025-09-16 11:28:30,915 [INFO] PluginManager:220 - loadIPPluginJar : add tsc
2025-09-16 11:28:30,915 [INFO] IPUIPlugin:80 - create IPUIPlugin
2025-09-16 11:28:30,915 [INFO] PluginManager:220 - loadIPPluginJar : add ucpd
2025-09-16 11:28:30,915 [INFO] IPUIPlugin:80 - create IPUIPlugin
2025-09-16 11:28:30,915 [INFO] PluginManager:220 - loadIPPluginJar : add usart
2025-09-16 11:28:30,925 [INFO] IPUIPlugin:80 - create IPUIPlugin
2025-09-16 11:28:30,925 [INFO] PluginManager:220 - loadIPPluginJar : add usbx
2025-09-16 11:28:31,052 [FATAL] Updater:351 - Updater called before beeing initialized
2025-09-16 11:28:31,088 [INFO] RulesReader:64 - Compatibility file has been processed (317 Rules)
2025-09-16 11:28:31,099 [INFO] RulesReader:64 - Compatibility file has been processed (317 Rules)
2025-09-16 11:28:31,108 [INFO] CADModel:165 - CPN selected for project level
2025-09-16 11:28:31,108 [INFO] CADModel:114 - Register for checkConnection events
2025-09-16 11:28:31,108 [FATAL] Updater:351 - Updater called before beeing initialized
2025-09-16 11:28:31,108 [ERROR] CADModel:125 - Updater not yet initialized, retry later 
2025-09-16 11:28:31,275 [FATAL] Updater:351 - Updater called before beeing initialized
2025-09-16 11:28:31,278 [INFO] CADModel:165 - CPN selected for project level
2025-09-16 11:28:31,278 [INFO] CADModel:114 - Register for checkConnection events
2025-09-16 11:28:31,278 [FATAL] Updater:351 - Updater called before beeing initialized
2025-09-16 11:28:31,278 [ERROR] CADModel:125 - Updater not yet initialized, retry later 
2025-09-16 11:28:31,282 [FATAL] Updater:351 - Updater called before beeing initialized
2025-09-16 11:28:31,443 [FATAL] Updater:351 - Updater called before beeing initialized
2025-09-16 11:28:31,443 [INFO] DbMcusAds:53 - JSON generation date=Tue Jul 08 04:14:23 EDT 2025 (1751962463582)
2025-09-16 11:28:31,443 [FATAL] Updater:351 - Updater called before beeing initialized
2025-09-16 11:28:31,484 [WARN] DetailPanel:346 - Failed to get advertising image, set to default
2025-09-16 11:28:31,581 [FATAL] Updater:351 - Updater called before beeing initialized
2025-09-16 11:28:31,582 [FATAL] Updater:351 - Updater called before beeing initialized
2025-09-16 11:28:31,583 [FATAL] Updater:351 - Updater called before beeing initialized
2025-09-16 11:28:31,583 [WARN] DetailPanel:346 - Failed to get advertising image, set to default
2025-09-16 11:28:31,583 [FATAL] Updater:351 - Updater called before beeing initialized
2025-09-16 11:28:31,629 [ERROR] Updater:1198 - MainUpdater not yet initialized. External WinMGr cannot be set.
2025-09-16 11:28:31,631 [INFO] Updater:1134 - Updater Version found : 6.15.0
2025-09-16 11:28:31,642 [INFO] ApplicationProperties:184 - Using Application install path: C:\ST\STM32CubeIDE_1.19.0\STM32CubeIDE\plugins\com.st.stm32cube.common.mx_6.15.0.202507011659
2025-09-16 11:28:33,142 [INFO] ThirdPartyUpdaterWithRetryManager:70 - Updater plugin not ready yet. [2/15]
2025-09-16 11:28:33,276 [ERROR] LogOutputStream:75 - [STDERR_REDIRECT] Sep 16, 2025 11:28:33 AM java.util.prefs.WindowsPreferences <init>
2025-09-16 11:28:33,279 [ERROR] LogOutputStream:75 - [STDERR_REDIRECT] WARNING: Could not open/create prefs root node Software\JavaSoft\Prefs at root 0xffffffff80000002. Windows RegCreateKeyEx(...) returned error code 5.
2025-09-16 11:28:33,280 [ERROR] LogOutputStream:75 - [STDERR_REDIRECT] 
2025-09-16 11:28:33,710 [INFO] MainUpdater:2872 - connection check result : 10
2025-09-16 11:28:33,712 [INFO] MainUpdater:289 - Updater Check For Update Now.
2025-09-16 11:28:33,712 [INFO] MicroXplorer:498 - Change Database Version : DB.6.0.150
2025-09-16 11:28:33,726 [INFO] McuFinderGlobals:63 - Set McuFinder mode to 2 (CubeIDE integrated)
2025-09-16 11:28:33,728 [INFO] UserAuth:487 - Internet connection configuration mode: 1
2025-09-16 11:28:33,763 [INFO] JxBrowserEngine:152 - Initiate JxBrowser Engine with user profile folder
2025-09-16 11:28:33,923 [INFO] CheckServerUpdateThread:120 - End of CheckServer Thread
2025-09-16 11:28:34,598 [INFO] WebApp:169 - Instantiating new browser for Auth
2025-09-16 11:28:35,547 [INFO] WebApp:463 - Apply proxy settings
2025-09-16 11:28:35,547 [INFO] WebApp:548 - Chromium requires no authentication
2025-09-16 11:28:35,563 [INFO] WebApp:491 - Direct internet connection detected
2025-09-16 11:28:35,603 [INFO] WebApp:900 - Register for checkConnection events
2025-09-16 11:28:35,603 [INFO] WebApp:463 - Apply proxy settings
2025-09-16 11:28:35,603 [INFO] WebApp:548 - Chromium requires no authentication
2025-09-16 11:28:35,604 [INFO] WebApp:491 - Direct internet connection detected
2025-09-16 11:28:35,760 [INFO] WebApp:191 - Connection restablished
2025-09-16 11:28:35,867 [INFO] WebApp:225 - Starting web application
2025-09-16 11:28:35,868 [INFO] WebApp:593 - Web application path used C:\ST\STM32CubeIDE_1.19.0\STM32CubeIDE\plugins\com.st.stm32cube.common.mx_6.15.0.202507011659\db\plugins\mcufinder\reactClient1\index.html
2025-09-16 11:28:36,181 [INFO] UserAuth:487 - Internet connection configuration mode: 1
2025-09-16 11:28:36,547 [WARN] PackLoader:240 - Cannot read IP mode file for STMicroelectronics.FP-SNS-MOTENVWB1.1.4.0
2025-09-16 11:28:36,560 [WARN] PackLoader:240 - Cannot read IP mode file for STMicroelectronics.FP-ATR-ASTRA1.2.0.2
2025-09-16 11:28:36,572 [WARN] PackLoader:240 - Cannot read IP mode file for STMicroelectronics.X-CUBE-SMBUS.2.1.0
2025-09-16 11:28:36,580 [WARN] PackLoader:240 - Cannot read IP mode file for STMicroelectronics.X-CUBE-ST60.1.0.0
2025-09-16 11:28:36,631 [WARN] PackLoader:240 - Cannot read IP mode file for STMicroelectronics.X-CUBE-AZRTOS-F7.1.1.0
2025-09-16 11:28:36,653 [WARN] PackLoader:240 - Cannot read IP mode file for WES.I-CUBE-Cesium.1.4.0
2025-09-16 11:28:36,694 [WARN] PackLoader:240 - Cannot read IP mode file for Infineon.AIROC-Wi-Fi-Bluetooth-STM32.1.7.1
2025-09-16 11:28:36,744 [WARN] PackLoader:240 - Cannot read IP mode file for STMicroelectronics.X-CUBE-AZRTOS-H7.3.4.0
2025-09-16 11:28:36,763 [WARN] PackLoader:240 - Cannot read IP mode file for STMicroelectronics.X-CUBE-DISPLAY.3.0.0
2025-09-16 11:28:36,785 [WARN] PackLoader:240 - Cannot read IP mode file for STMicroelectronics.X-CUBE-NFC10.1.0.0
2025-09-16 11:28:36,795 [WARN] PackLoader:240 - Cannot read IP mode file for emotas.I-CUBE-CANOPEN.1.3.0
2025-09-16 11:28:36,803 [WARN] PackLoader:240 - Cannot read IP mode file for STMicroelectronics.FP-SNS-STBOX1.2.1.0
2025-09-16 11:28:36,813 [WARN] PackLoader:240 - Cannot read IP mode file for STMicroelectronics.FP-SNS-SMARTAG2.1.2.0
2025-09-16 11:28:36,817 [WARN] PackLoader:240 - Cannot read IP mode file for STMicroelectronics.FP-SNS-FLIGHT1.5.1.0
2025-09-16 11:28:36,829 [INFO] LogOutputStream:77 - [STDOUT_REDIRECT] 1 : Invalid condition id : UX_CORESTACK_Condition cause : null
2025-09-16 11:28:36,830 [INFO] LogOutputStream:77 - [STDOUT_REDIRECT] 1 : Invalid condition id : UX_CORESTACK_Condition cause : null
2025-09-16 11:28:36,831 [INFO] LogOutputStream:77 - [STDOUT_REDIRECT] 1 : Invalid condition id : UX_CORESTACK_Condition cause : null
2025-09-16 11:28:36,833 [INFO] LogOutputStream:77 - [STDOUT_REDIRECT] 1 : Invalid condition id : UX_CORESTACK_Condition cause : null
2025-09-16 11:28:36,834 [INFO] LogOutputStream:77 - [STDOUT_REDIRECT] 1 : Invalid condition id : UX_CORESTACK_Condition cause : null
2025-09-16 11:28:36,854 [WARN] PackLoader:240 - Cannot read IP mode file for STMicroelectronics.X-CUBE-AZRTOS-WL.2.0.0
2025-09-16 11:28:36,862 [WARN] PackLoader:240 - Cannot read IP mode file for STMicroelectronics.FP-SNS-MOTENV1.5.0.0
2025-09-16 11:28:36,870 [WARN] PackLoader:240 - Cannot read IP mode file for STMicroelectronics.X-CUBE-BLE2.3.3.0
2025-09-16 11:28:36,881 [WARN] PackLoader:240 - Cannot read IP mode file for STMicroelectronics.X-CUBE-NFC9.1.0.0
2025-09-16 11:28:36,890 [WARN] PackLoader:240 - Cannot read IP mode file for wolfSSL.I-CUBE-wolfSSL.5.8.2
2025-09-16 11:28:36,897 [WARN] PackLoader:240 - Cannot read IP mode file for STMicroelectronics.X-CUBE-BLE1.7.1.0
2025-09-16 11:28:36,902 [WARN] PackLoader:240 - Cannot read IP mode file for wolfSSL.I-CUBE-wolfMQTT.1.19.2
2025-09-16 11:28:36,911 [WARN] PackLoader:240 - Cannot read IP mode file for STMicroelectronics.X-CUBE-EEPRMA1.5.2.0
2025-09-16 11:28:36,931 [WARN] PackLoader:240 - Cannot read IP mode file for STMicroelectronics.X-CUBE-AZRTOS-G0.1.1.0
2025-09-16 11:28:36,944 [WARN] PackLoader:240 - Cannot read IP mode file for STMicroelectronics.X-CUBE-SAFEA1.1.2.2
2025-09-16 11:28:36,950 [WARN] PackLoader:240 - Cannot read IP mode file for STMicroelectronics.X-CUBE-NFC4.3.0.0
2025-09-16 11:28:36,963 [WARN] PackLoader:240 - Cannot read IP mode file for EmbeddedOffice.I-CUBE-FS-RTOS.1.0.1
2025-09-16 11:28:36,968 [WARN] PackLoader:240 - Cannot read IP mode file for STMicroelectronics.X-CUBE-WB05N.2.0.0
2025-09-16 11:28:36,976 [WARN] PackLoader:240 - Cannot read IP mode file for wolfSSL.I-CUBE-wolfTPM.3.8.0
2025-09-16 11:28:36,983 [WARN] PackLoader:240 - Cannot read IP mode file for STMicroelectronics.X-CUBE-TCPP.4.2.0
2025-09-16 11:28:36,990 [WARN] PackLoader:240 - Cannot read IP mode file for RealThread.X-CUBE-RT-Thread_Nano.4.1.1
2025-09-16 11:28:36,996 [WARN] PackLoader:240 - Cannot read IP mode file for STMicroelectronics.FP-ATR-SIGFOX1.3.2.0
2025-09-16 11:28:37,003 [WARN] PackLoader:240 - Cannot read IP mode file for ITTIA_DB.I-CUBE-ITTIADB.8.9.0
2025-09-16 11:28:37,012 [WARN] PackLoader:240 - Cannot read IP mode file for STMicroelectronics.X-CUBE-ST67W61.1.0.0
2025-09-16 11:28:37,016 [WARN] PackLoader:240 - Cannot read IP mode file for STMicroelectronics.X-CUBE-AI.10.2.0
2025-09-16 11:28:37,049 [WARN] PackLoader:240 - Cannot read IP mode file for SEGGER.I-CUBE-embOS.1.3.1
2025-09-16 11:28:37,124 [WARN] PackLoader:240 - Cannot read IP mode file for STMicroelectronics.X-CUBE-ALGOBUILD.1.4.0
2025-09-16 11:28:37,218 [WARN] PackLoader:240 - Cannot read IP mode file for STMicroelectronics.X-CUBE-MEMS1.11.3.0
2025-09-16 11:28:37,497 [WARN] PackLoader:240 - Cannot read IP mode file for STMicroelectronics.X-CUBE-PM33A1.1.0.0
2025-09-16 11:28:37,514 [WARN] PackLoader:240 - Cannot read IP mode file for STMicroelectronics.X-CUBE-AZRTOS-F4.1.1.0
2025-09-16 11:28:37,522 [WARN] PackLoader:240 - Cannot read IP mode file for Avnet-IotConnect.X-CUBE-IoTC-DA16k-PMOD.1.0.0
2025-09-16 11:28:37,526 [WARN] PackLoader:240 - Cannot read IP mode file for STMicroelectronics.X-CUBE-ISPU.2.1.0
2025-09-16 11:28:37,532 [WARN] PackLoader:240 - Cannot read IP mode file for STMicroelectronics.X-CUBE-NFC12.1.0.0
2025-09-16 11:28:37,548 [WARN] PackLoader:240 - Cannot read IP mode file for STMicroelectronics.X-CUBE-AZRTOS-L5.2.0.0
2025-09-16 11:28:37,560 [WARN] PackLoader:240 - Cannot read IP mode file for STMicroelectronics.X-CUBE-NFC6.3.1.0
2025-09-16 11:28:37,568 [WARN] PackLoader:240 - Cannot read IP mode file for STMicroelectronics.X-CUBE-FREERTOS.1.3.1
2025-09-16 11:28:37,574 [WARN] PackLoader:240 - Cannot read IP mode file for STMicroelectronics.FP-SNS-STAIOTCFT.1.0.0
2025-09-16 11:28:37,579 [WARN] PackLoader:240 - Cannot read IP mode file for STMicroelectronics.X-CUBE-DPower.1.3.0
2025-09-16 11:28:37,596 [WARN] ConditionMgr:438 - getConditionDescription Invalid condition id : LAN8742 Phy interface Condition cause : null
2025-09-16 11:28:37,596 [WARN] PackLoader:240 - Cannot read IP mode file for STMicroelectronics.X-CUBE-AZRTOS-L4.2.0.0
2025-09-16 11:28:37,598 [WARN] ConditionMgr:1044 - genDependencies : Invalid condition id : LAN8742 Phy interface Condition cause : null
2025-09-16 11:28:37,598 [WARN] ConditionMgr:1044 - genDependencies : Invalid condition id : LAN8742 Phy interface Condition cause : null
2025-09-16 11:28:37,598 [WARN] ConditionMgr:1044 - genDependencies : Invalid condition id : LAN8742 Phy interface Condition cause : null
2025-09-16 11:28:37,608 [WARN] PackLoader:240 - Cannot read IP mode file for STMicroelectronics.X-CUBE-SFXS2LP1.4.0.0
2025-09-16 11:28:37,621 [WARN] PackLoader:240 - Cannot read IP mode file for STMicroelectronics.X-CUBE-BLEMGR.4.1.0
2025-09-16 11:28:37,642 [WARN] ConditionMgr:438 - getConditionDescription Invalid condition id : UX DEVICE CLASS RTOS Condition cause : null
2025-09-16 11:28:37,643 [WARN] ConditionMgr:438 - getConditionDescription Invalid condition id : UX DEVICE CLASS RTOS Condition cause : null
2025-09-16 11:28:37,645 [WARN] PackLoader:240 - Cannot read IP mode file for STMicroelectronics.X-CUBE-AZRTOS-WB.2.0.0
2025-09-16 11:28:37,645 [WARN] ConditionMgr:1044 - genDependencies : Invalid condition id : UX DEVICE CLASS RTOS Condition cause : null
2025-09-16 11:28:37,646 [WARN] ConditionMgr:1044 - genDependencies : Invalid condition id : UX DEVICE CLASS RTOS Condition cause : null
2025-09-16 11:28:37,646 [WARN] ConditionMgr:1044 - genDependencies : Invalid condition id : UX DEVICE CLASS RTOS Condition cause : null
2025-09-16 11:28:37,646 [WARN] ConditionMgr:1044 - genDependencies : Invalid condition id : UX DEVICE CLASS RTOS Condition cause : null
2025-09-16 11:28:37,646 [WARN] ConditionMgr:1044 - genDependencies : Invalid condition id : UX DEVICE CLASS RTOS Condition cause : null
2025-09-16 11:28:37,651 [WARN] PackLoader:240 - Cannot read IP mode file for STMicroelectronics.X-CUBE-GNSS1.7.0.1
2025-09-16 11:28:37,659 [WARN] PackLoader:240 - Cannot read IP mode file for STMicroelectronics.X-CUBE-TOUCHGFX.4.25.0
2025-09-16 11:28:37,662 [WARN] ConditionMgr:438 - getConditionDescription Invalid condition id : Cortex-A Device cause : null
2025-09-16 11:28:37,676 [WARN] ConditionMgr:1044 - genDependencies : Invalid condition id : Cortex-A Device cause : null
2025-09-16 11:28:37,676 [WARN] ConditionMgr:1044 - genDependencies : Invalid condition id : Cortex-A Device cause : null
2025-09-16 11:28:37,676 [WARN] ConditionMgr:1044 - genDependencies : Invalid condition id : Cortex-A Device cause : null
2025-09-16 11:28:37,686 [WARN] PackLoader:240 - Cannot read IP mode file for STMicroelectronics.X-CUBE-SUBG2.5.0.0
2025-09-16 11:28:37,707 [WARN] PackLoader:240 - Cannot read IP mode file for STMicroelectronics.X-CUBE-AZRTOS-H7RS.1.1.0
2025-09-16 11:28:37,716 [WARN] PackLoader:240 - Cannot read IP mode file for Cesanta.I-CUBE-Mongoose.7.13.0
2025-09-16 11:28:37,731 [WARN] PackLoader:240 - Cannot read IP mode file for STMicroelectronics.X-CUBE-AZRTOS-G4.2.0.0
2025-09-16 11:28:37,736 [WARN] PackLoader:240 - Cannot read IP mode file for wolfSSL.I-CUBE-wolfSSH.1.4.20
2025-09-16 11:28:37,743 [WARN] PackLoader:240 - Cannot read IP mode file for STMicroelectronics.X-CUBE-NFC7.2.0.0
2025-09-16 11:28:37,755 [WARN] PackLoader:240 - Cannot read IP mode file for STMicroelectronics.X-CUBE-IPS.3.1.0
2025-09-16 11:28:37,766 [WARN] PackLoader:240 - Cannot read IP mode file for STMicroelectronics.X-CUBE-ALS.1.0.2
2025-09-16 11:28:37,773 [WARN] PackLoader:240 - Cannot read IP mode file for STMicroelectronics.X-CUBE-STSE01.1.0.0
2025-09-16 11:28:37,780 [WARN] PackLoader:240 - Cannot read IP mode file for portGmbH.I-Cube-SoM-uGOAL.1.1.0
2025-09-16 11:28:37,796 [WARN] PackLoader:240 - Cannot read IP mode file for STMicroelectronics.X-CUBE-TOF1.3.4.3
2025-09-16 11:28:37,814 [INFO] ThirdParty:978 - Integrity check success = true
2025-09-16 11:28:37,814 [INFO] IntegrityCheckThread:100 - exiting critical section [integrity check]
2025-09-16 11:28:37,814 [INFO] IntegrityCheckThread:103 - End integrity checks thread
2025-09-16 13:58:46,898 [INFO] WebApp:194 - Connection lost
2025-09-16 13:58:47,043 [INFO] WebApp:191 - Connection restablished
2025-09-16 13:58:48,789 [INFO] WebApp:194 - Connection lost
2025-09-16 13:58:48,904 [INFO] WebApp:191 - Connection restablished
2025-09-16 14:46:52,458 [INFO] WebApp:194 - Connection lost
2025-09-16 14:46:52,594 [INFO] WebApp:191 - Connection restablished
2025-09-16 16:58:51,460 [INFO] WebApp:194 - Connection lost
2025-09-16 16:58:53,508 [INFO] WebApp:191 - Connection restablished
2025-09-16 16:58:58,940 [INFO] WebApp:194 - Connection lost
2025-09-16 16:58:59,234 [INFO] WebApp:191 - Connection restablished
2025-09-16 17:17:34,888 [INFO] WebApp:194 - Connection lost
2025-09-16 17:17:35,053 [INFO] WebApp:191 - Connection restablished
2025-09-16 18:08:10,388 [ERROR] LogOutputStream:75 - [STDERR_REDIRECT] 
2025-09-16 18:08:27,930 [INFO] Activator:176 - 


2025-09-16 18:08:27,932 [INFO] Activator:177 - !SESSION log4j initialized
2025-09-16 18:08:36,145 [INFO] LogOutputStream:77 - [STDOUT_REDIRECT] 
2025-09-16 18:08:38,236 [INFO] ApplicationProperties:184 - Using Application install path: C:\ST\STM32CubeIDE_1.19.0\STM32CubeIDE\plugins\com.st.stm32cube.common.mx_6.15.0.202507011659
2025-09-16 18:08:38,280 [INFO] DbMcusXml:78 - Set database path to: C:\ST\STM32CubeIDE_1.19.0\STM32CubeIDE\plugins\com.st.stm32cube.common.mx_6.15.0.202507011659\\db\/mcu/
2025-09-16 18:08:38,281 [INFO] ApiDb:274 - Set plugin database path to: C:\ST\STM32CubeIDE_1.19.0\STM32CubeIDE\plugins\com.st.stm32cube.common.mx_6.15.0.202507011659\\db\/plugins/boardmanager/
2025-09-16 18:08:38,282 [WARN] ApiDb:259 - Overriding images path with different value:  => C:\ST\STM32CubeIDE_1.19.0\STM32CubeIDE\plugins\com.st.stm32cube.common.mx_6.15.0.202507011659\\db\/plugins/mcufinder/images/
2025-09-16 18:08:38,301 [INFO] ApiDb:250 - Set database path to: C:\Users\Grant\.stmcufinder\plugins\mcufinder//mcu/
2025-09-16 18:08:38,303 [INFO] DbMcusAds:125 - Set database path to: C:\Users\Grant\.stmcufinder\plugins\mcufinder//mcu/
2025-09-16 18:08:38,309 [INFO] CrossReferenceDbSqlite:203 - Set database path to: C:\Users\Grant\.stmcufinder\plugins\mcufinder//mcu/cs/
2025-09-16 18:08:38,598 [INFO] RulesReader:64 - Compatibility file has been processed (317 Rules)
2025-09-16 18:08:38,711 [INFO] DbMcusXml:78 - Set database path to: C:\ST\STM32CubeIDE_1.19.0\STM32CubeIDE\plugins\com.st.stm32cube.common.mx_6.15.0.202507011659\\db\/mcu/
2025-09-16 18:08:38,711 [INFO] ApiDb:274 - Set plugin database path to: C:\ST\STM32CubeIDE_1.19.0\STM32CubeIDE\plugins\com.st.stm32cube.common.mx_6.15.0.202507011659\\db\/plugins/boardmanager/
2025-09-16 18:08:38,712 [INFO] ApiDb:261 - Set plugin images path to: C:\ST\STM32CubeIDE_1.19.0\STM32CubeIDE\plugins\com.st.stm32cube.common.mx_6.15.0.202507011659\\db\/plugins/mcufinder/images/
2025-09-16 18:08:38,712 [WARN] DbFile:41 - Overriding database path with different value: C:\Users\Grant\.stmcufinder\plugins\mcufinder/ => C:\Users\Grant\.stmcufinder\plugins\mcufinder
2025-09-16 18:08:38,712 [INFO] ApiDb:250 - Set database path to: C:\Users\Grant\.stmcufinder\plugins\mcufinder//mcu/
2025-09-16 18:08:38,712 [WARN] DbFile:41 - Overriding database path with different value: C:\Users\Grant\.stmcufinder\plugins\mcufinder/ => C:\Users\Grant\.stmcufinder\plugins\mcufinder
2025-09-16 18:08:38,712 [INFO] DbMcusAds:125 - Set database path to: C:\Users\Grant\.stmcufinder\plugins\mcufinder//mcu/
2025-09-16 18:08:38,712 [WARN] DbFile:41 - Overriding database path with different value: C:\Users\Grant\.stmcufinder\plugins\mcufinder/ => C:\Users\Grant\.stmcufinder\plugins\mcufinder
2025-09-16 18:08:38,712 [WARN] DbFile:41 - Overriding database path with different value: C:\Users\Grant\.stmcufinder\plugins\mcufinder/ => C:\Users\Grant\.stmcufinder\plugins\mcufinder
2025-09-16 18:08:38,712 [INFO] CrossReferenceDbSqlite:203 - Set database path to: C:\Users\Grant\.stmcufinder\plugins\mcufinder//mcu/cs/
2025-09-16 18:08:38,800 [INFO] MainPanel:274 - HeapMemory: 268435456
2025-09-16 18:08:38,956 [INFO] DbMcusXml:78 - Set database path to: C:\ST\STM32CubeIDE_1.19.0\STM32CubeIDE\plugins\com.st.stm32cube.common.mx_6.15.0.202507011659\\db\/mcu/
2025-09-16 18:08:38,956 [INFO] ApiDb:274 - Set plugin database path to: C:\ST\STM32CubeIDE_1.19.0\STM32CubeIDE\plugins\com.st.stm32cube.common.mx_6.15.0.202507011659\\db\/plugins/boardmanager/
2025-09-16 18:08:38,956 [INFO] ApiDb:261 - Set plugin images path to: C:\ST\STM32CubeIDE_1.19.0\STM32CubeIDE\plugins\com.st.stm32cube.common.mx_6.15.0.202507011659\\db\/plugins/mcufinder/images/
2025-09-16 18:08:38,958 [WARN] DbFile:41 - Overriding database path with different value: C:\Users\Grant\.stmcufinder\plugins\mcufinder/ => C:\Users\Grant\.stmcufinder\plugins\mcufinder
2025-09-16 18:08:38,958 [INFO] ApiDb:250 - Set database path to: C:\Users\Grant\.stmcufinder\plugins\mcufinder//mcu/
2025-09-16 18:08:38,958 [WARN] DbFile:41 - Overriding database path with different value: C:\Users\Grant\.stmcufinder\plugins\mcufinder/ => C:\Users\Grant\.stmcufinder\plugins\mcufinder
2025-09-16 18:08:38,958 [INFO] DbMcusAds:125 - Set database path to: C:\Users\Grant\.stmcufinder\plugins\mcufinder//mcu/
2025-09-16 18:08:38,958 [WARN] DbFile:41 - Overriding database path with different value: C:\Users\Grant\.stmcufinder\plugins\mcufinder/ => C:\Users\Grant\.stmcufinder\plugins\mcufinder
2025-09-16 18:08:38,958 [WARN] DbFile:41 - Overriding database path with different value: C:\Users\Grant\.stmcufinder\plugins\mcufinder/ => C:\Users\Grant\.stmcufinder\plugins\mcufinder
2025-09-16 18:08:38,958 [INFO] CrossReferenceDbSqlite:203 - Set database path to: C:\Users\Grant\.stmcufinder\plugins\mcufinder//mcu/cs/
2025-09-16 18:08:38,986 [INFO] ApplicationProperties:184 - Using Application install path: C:\ST\STM32CubeIDE_1.19.0\STM32CubeIDE\plugins\com.st.stm32cube.common.mx_6.15.0.202507011659
2025-09-16 18:08:38,988 [INFO] PluginManage:196 - Search for loadable plugins [exclusion list=, ]
2025-09-16 18:08:38,990 [INFO] PluginManage:310 - Check plugin analytics
2025-09-16 18:08:39,228 [INFO] AnalyticsPlugin:253 - Accepted Software Licenses: 
2025-09-16 18:08:39,228 [INFO] AnalyticsPlugin:255 - Accepted CMSIS Pack Licenses: 
2025-09-16 18:08:39,228 [INFO] AnalyticsPlugin:257 - Accepted Firmware Licenses: FW.L4.1.18.0
2025-09-16 18:08:39,231 [INFO] PluginManage:359 - Loaded plugin analytics (category:tool,tabindex:-1)
2025-09-16 18:08:39,231 [INFO] PluginManage:310 - Check plugin cadmodel
2025-09-16 18:08:39,236 [INFO] CADModel:105 - Init CAD model plugin
2025-09-16 18:08:39,236 [INFO] PluginManage:359 - Loaded plugin cadmodel (category:power,tabindex:5)
2025-09-16 18:08:39,236 [INFO] PluginManage:310 - Check plugin clock
2025-09-16 18:08:39,254 [INFO] PluginManage:359 - Loaded plugin clock (category:base,tabindex:2)
2025-09-16 18:08:39,254 [INFO] PluginManage:310 - Check plugin ddr
2025-09-16 18:08:39,259 [INFO] PluginManage:359 - Loaded plugin ddr (category:tool,tabindex:6)
2025-09-16 18:08:39,260 [INFO] PluginManage:310 - Check plugin filemanager
2025-09-16 18:08:39,558 [INFO] PluginManage:359 - Loaded plugin filemanager (category:base,tabindex:10)
2025-09-16 18:08:39,559 [INFO] PluginManage:310 - Check plugin ipmanager
2025-09-16 18:08:39,571 [INFO] PluginManage:359 - Loaded plugin ipmanager (category:base,tabindex:5)
2025-09-16 18:08:39,572 [INFO] PluginManage:310 - Check plugin lpbam
2025-09-16 18:08:39,589 [INFO] PluginManage:359 - Loaded plugin lpbam (category:base,tabindex:0)
2025-09-16 18:08:39,589 [INFO] PluginManage:310 - Check plugin memorymap
2025-09-16 18:08:39,612 [INFO] PluginManage:359 - Loaded plugin memorymap (category:base,tabindex:4)
2025-09-16 18:08:39,612 [INFO] PluginManage:310 - Check plugin pinoutandconfiguration
2025-09-16 18:08:39,623 [INFO] PluginManage:359 - Loaded plugin pinoutandconfiguration (category:base,tabindex:1)
2025-09-16 18:08:39,623 [INFO] PluginManage:310 - Check plugin pinoutconfig
2025-09-16 18:08:39,733 [WARN] SupportedApi:132 - Cannot load RTOS API schema: s4s-elt-must-match.1: The content of 'definitions' must match (annotation?, (simpleType | complexType)?, (unique | key | keyref)*)). A problem was found starting at: attribute.
2025-09-16 18:08:39,904 [INFO] PluginManage:359 - Loaded plugin pinoutconfig (category:base,tabindex:0)
2025-09-16 18:08:39,904 [INFO] PluginManage:310 - Check plugin power
2025-09-16 18:08:39,917 [INFO] PluginManage:359 - Loaded plugin power (category:power,tabindex:4)
2025-09-16 18:08:39,917 [INFO] PluginManage:310 - Check plugin projectmanager
2025-09-16 18:08:39,941 [INFO] PluginManage:359 - Loaded plugin projectmanager (category:projectmanager,tabindex:4)
2025-09-16 18:08:39,941 [INFO] PluginManage:310 - Check plugin rif
2025-09-16 18:08:39,952 [INFO] PluginManage:359 - Loaded plugin rif (category:base,tabindex:3)
2025-09-16 18:08:39,952 [INFO] PluginManage:310 - Check plugin thirdparty
2025-09-16 18:08:40,105 [WARN] IntegrityCheckThread:84 - waiting for thirdparty lock release [integrity check]
2025-09-16 18:08:40,105 [INFO] PluginManage:359 - Loaded plugin thirdparty (category:base,tabindex:-1)
2025-09-16 18:08:40,106 [INFO] IntegrityCheckThread:86 - entering critical section [integrity check]
2025-09-16 18:08:40,106 [INFO] PluginManage:310 - Check plugin tools
2025-09-16 18:08:40,106 [INFO] ThirdPartyUpdaterWithRetryManager:70 - Updater plugin not ready yet. [1/15]
2025-09-16 18:08:40,109 [INFO] PluginManage:359 - Loaded plugin tools (category:base,tabindex:7)
2025-09-16 18:08:40,109 [INFO] PluginManage:310 - Check plugin tutovideos
2025-09-16 18:08:40,464 [INFO] PluginManage:359 - Loaded plugin tutovideos (category:base,tabindex:-1)
2025-09-16 18:08:40,464 [INFO] PluginManage:310 - Check plugin updater
2025-09-16 18:08:40,485 [INFO] PluginManage:359 - Loaded plugin updater (category:base,tabindex:12)
2025-09-16 18:08:40,485 [INFO] PluginManage:310 - Check plugin userauth
2025-09-16 18:08:40,491 [INFO] UserAuth:118 - Init User Auth plugin
2025-09-16 18:08:40,492 [INFO] PluginManage:359 - Loaded plugin userauth (category:base,tabindex:14)
2025-09-16 18:08:40,493 [INFO] PluginManage:283 - PluginManage : Loaded plugins [18]
2025-09-16 18:08:40,770 [INFO] PinOutPanel:1589 - setPackage(No Configuration,No Configuration)
2025-09-16 18:08:40,873 [INFO] CADModel:165 - CPN selected for project level
2025-09-16 18:08:40,873 [INFO] CADModel:114 - Register for checkConnection events
2025-09-16 18:08:40,895 [INFO] IPUIPlugin:80 - create IPUIPlugin
2025-09-16 18:08:40,896 [INFO] PluginManager:220 - loadIPPluginJar : add adc
2025-09-16 18:08:40,899 [INFO] IPUIPlugin:80 - create IPUIPlugin
2025-09-16 18:08:40,899 [INFO] PluginManager:220 - loadIPPluginJar : add aes
2025-09-16 18:08:40,903 [INFO] IPUIPlugin:80 - create IPUIPlugin
2025-09-16 18:08:40,903 [INFO] PluginManager:220 - loadIPPluginJar : add can
2025-09-16 18:08:40,905 [INFO] IPUIPlugin:80 - create IPUIPlugin
2025-09-16 18:08:40,907 [INFO] PluginManager:220 - loadIPPluginJar : add comp
2025-09-16 18:08:40,909 [INFO] IPUIPlugin:80 - create IPUIPlugin
2025-09-16 18:08:40,909 [INFO] PluginManager:220 - loadIPPluginJar : add cryp
2025-09-16 18:08:40,913 [INFO] IPUIPlugin:80 - create IPUIPlugin
2025-09-16 18:08:40,913 [INFO] PluginManager:220 - loadIPPluginJar : add ddr_ctrl_phy
2025-09-16 18:08:40,917 [INFO] IPUIPlugin:80 - create IPUIPlugin
2025-09-16 18:08:40,917 [INFO] PluginManager:220 - loadIPPluginJar : add dfsdm
2025-09-16 18:08:40,925 [INFO] IPUIPlugin:80 - create IPUIPlugin
2025-09-16 18:08:40,927 [INFO] PluginManager:220 - loadIPPluginJar : add dma
2025-09-16 18:08:40,932 [INFO] IPUIPlugin:80 - create IPUIPlugin
2025-09-16 18:08:40,934 [INFO] PluginManager:220 - loadIPPluginJar : add dma3
2025-09-16 18:08:40,937 [INFO] IPUIPlugin:80 - create IPUIPlugin
2025-09-16 18:08:40,938 [INFO] PluginManager:220 - loadIPPluginJar : add extmemmanager
2025-09-16 18:08:40,940 [INFO] IPUIPlugin:80 - create IPUIPlugin
2025-09-16 18:08:40,940 [INFO] PluginManager:220 - loadIPPluginJar : add fatfs
2025-09-16 18:08:40,946 [INFO] IPUIPlugin:80 - create IPUIPlugin
2025-09-16 18:08:40,946 [INFO] PluginManager:220 - loadIPPluginJar : add fmc
2025-09-16 18:08:40,954 [INFO] IPUIPlugin:80 - create IPUIPlugin
2025-09-16 18:08:40,954 [INFO] PluginManager:220 - loadIPPluginJar : add freertos
2025-09-16 18:08:40,957 [INFO] IPUIPlugin:80 - create IPUIPlugin
2025-09-16 18:08:40,957 [INFO] PluginManager:220 - loadIPPluginJar : add genericplugin
2025-09-16 18:08:40,959 [INFO] IPUIPlugin:80 - create IPUIPlugin
2025-09-16 18:08:40,960 [INFO] PluginManager:220 - loadIPPluginJar : add gfxmmu
2025-09-16 18:08:40,966 [INFO] IPUIPlugin:80 - create IPUIPlugin
2025-09-16 18:08:40,966 [INFO] PluginManager:220 - loadIPPluginJar : add gic
2025-09-16 18:08:40,971 [INFO] IPUIPlugin:80 - create IPUIPlugin
2025-09-16 18:08:40,971 [INFO] PluginManager:220 - loadIPPluginJar : add gpio
2025-09-16 18:08:40,974 [INFO] IPUIPlugin:80 - create IPUIPlugin
2025-09-16 18:08:40,975 [INFO] PluginManager:220 - loadIPPluginJar : add gtzc
2025-09-16 18:08:40,978 [INFO] IPUIPlugin:80 - create IPUIPlugin
2025-09-16 18:08:40,978 [INFO] PluginManager:220 - loadIPPluginJar : add hash
2025-09-16 18:08:40,981 [INFO] IPUIPlugin:80 - create IPUIPlugin
2025-09-16 18:08:40,981 [INFO] PluginManager:220 - loadIPPluginJar : add i2c
2025-09-16 18:08:40,984 [INFO] IPUIPlugin:80 - create IPUIPlugin
2025-09-16 18:08:40,984 [INFO] PluginManager:220 - loadIPPluginJar : add i2s
2025-09-16 18:08:40,987 [INFO] IPUIPlugin:80 - create IPUIPlugin
2025-09-16 18:08:40,989 [INFO] PluginManager:220 - loadIPPluginJar : add i3c
2025-09-16 18:08:40,993 [INFO] IPUIPlugin:80 - create IPUIPlugin
2025-09-16 18:08:40,993 [INFO] PluginManager:220 - loadIPPluginJar : add ipddr
2025-09-16 18:08:41,000 [INFO] IPUIPlugin:80 - create IPUIPlugin
2025-09-16 18:08:41,000 [INFO] PluginManager:220 - loadIPPluginJar : add linkedlist
2025-09-16 18:08:41,005 [INFO] IPUIPlugin:80 - create IPUIPlugin
2025-09-16 18:08:41,005 [INFO] PluginManager:220 - loadIPPluginJar : add lorawan
2025-09-16 18:08:41,007 [INFO] IPUIPlugin:80 - create IPUIPlugin
2025-09-16 18:08:41,007 [INFO] PluginManager:220 - loadIPPluginJar : add ltdc
2025-09-16 18:08:41,013 [INFO] IPUIPlugin:80 - create IPUIPlugin
2025-09-16 18:08:41,013 [INFO] PluginManager:220 - loadIPPluginJar : add mdma
2025-09-16 18:08:41,018 [INFO] IPUIPlugin:80 - create IPUIPlugin
2025-09-16 18:08:41,019 [INFO] PluginManager:220 - loadIPPluginJar : add nvic
2025-09-16 18:08:41,022 [INFO] IPUIPlugin:80 - create IPUIPlugin
2025-09-16 18:08:41,022 [INFO] PluginManager:220 - loadIPPluginJar : add opamp
2025-09-16 18:08:41,027 [INFO] IPUIPlugin:80 - create IPUIPlugin
2025-09-16 18:08:41,027 [INFO] PluginManager:220 - loadIPPluginJar : add openamp
2025-09-16 18:08:41,031 [INFO] IPUIPlugin:80 - create IPUIPlugin
2025-09-16 18:08:41,032 [INFO] PluginManager:220 - loadIPPluginJar : add pdm2pcm
2025-09-16 18:08:41,042 [INFO] IPUIPlugin:80 - create IPUIPlugin
2025-09-16 18:08:41,049 [INFO] PluginManager:220 - loadIPPluginJar : add plateformsettings
2025-09-16 18:08:41,052 [INFO] IPUIPlugin:80 - create IPUIPlugin
2025-09-16 18:08:41,052 [INFO] PluginManager:220 - loadIPPluginJar : add quadspi
2025-09-16 18:08:41,055 [INFO] IPUIPlugin:80 - create IPUIPlugin
2025-09-16 18:08:41,056 [INFO] PluginManager:220 - loadIPPluginJar : add radio
2025-09-16 18:08:41,062 [INFO] IPUIPlugin:80 - create IPUIPlugin
2025-09-16 18:08:41,062 [INFO] PluginManager:220 - loadIPPluginJar : add resmgrutility
2025-09-16 18:08:41,068 [INFO] IPUIPlugin:80 - create IPUIPlugin
2025-09-16 18:08:41,068 [INFO] PluginManager:220 - loadIPPluginJar : add sai
2025-09-16 18:08:41,072 [INFO] IPUIPlugin:80 - create IPUIPlugin
2025-09-16 18:08:41,073 [INFO] PluginManager:220 - loadIPPluginJar : add spi
2025-09-16 18:08:41,082 [INFO] IPUIPlugin:80 - create IPUIPlugin
2025-09-16 18:08:41,082 [INFO] PluginManager:220 - loadIPPluginJar : add stm32_wpan
2025-09-16 18:08:41,085 [INFO] IPUIPlugin:80 - create IPUIPlugin
2025-09-16 18:08:41,085 [INFO] PluginManager:220 - loadIPPluginJar : add tim
2025-09-16 18:08:41,090 [INFO] IPUIPlugin:80 - create IPUIPlugin
2025-09-16 18:08:41,091 [INFO] PluginManager:220 - loadIPPluginJar : add touchsensing
2025-09-16 18:08:41,093 [INFO] IPUIPlugin:80 - create IPUIPlugin
2025-09-16 18:08:41,093 [INFO] PluginManager:220 - loadIPPluginJar : add tracer_emb
2025-09-16 18:08:41,097 [INFO] IPUIPlugin:80 - create IPUIPlugin
2025-09-16 18:08:41,097 [INFO] PluginManager:220 - loadIPPluginJar : add ts
2025-09-16 18:08:41,099 [INFO] IPUIPlugin:80 - create IPUIPlugin
2025-09-16 18:08:41,099 [INFO] PluginManager:220 - loadIPPluginJar : add tsc
2025-09-16 18:08:41,103 [INFO] IPUIPlugin:80 - create IPUIPlugin
2025-09-16 18:08:41,103 [INFO] PluginManager:220 - loadIPPluginJar : add ucpd
2025-09-16 18:08:41,108 [INFO] IPUIPlugin:80 - create IPUIPlugin
2025-09-16 18:08:41,108 [INFO] PluginManager:220 - loadIPPluginJar : add usart
2025-09-16 18:08:41,113 [INFO] IPUIPlugin:80 - create IPUIPlugin
2025-09-16 18:08:41,114 [INFO] PluginManager:220 - loadIPPluginJar : add usbx
2025-09-16 18:08:41,272 [FATAL] Updater:351 - Updater called before beeing initialized
2025-09-16 18:08:41,310 [INFO] RulesReader:64 - Compatibility file has been processed (317 Rules)
2025-09-16 18:08:41,328 [INFO] RulesReader:64 - Compatibility file has been processed (317 Rules)
2025-09-16 18:08:41,339 [INFO] CADModel:165 - CPN selected for project level
2025-09-16 18:08:41,339 [INFO] CADModel:114 - Register for checkConnection events
2025-09-16 18:08:41,339 [FATAL] Updater:351 - Updater called before beeing initialized
2025-09-16 18:08:41,339 [ERROR] CADModel:125 - Updater not yet initialized, retry later 
2025-09-16 18:08:41,567 [FATAL] Updater:351 - Updater called before beeing initialized
2025-09-16 18:08:41,569 [INFO] CADModel:165 - CPN selected for project level
2025-09-16 18:08:41,570 [INFO] CADModel:114 - Register for checkConnection events
2025-09-16 18:08:41,570 [FATAL] Updater:351 - Updater called before beeing initialized
2025-09-16 18:08:41,570 [ERROR] CADModel:125 - Updater not yet initialized, retry later 
2025-09-16 18:08:41,574 [FATAL] Updater:351 - Updater called before beeing initialized
2025-09-16 18:08:41,741 [FATAL] Updater:351 - Updater called before beeing initialized
2025-09-16 18:08:41,748 [INFO] DbMcusAds:53 - JSON generation date=Tue Jul 08 04:14:23 EDT 2025 (1751962463582)
2025-09-16 18:08:41,748 [FATAL] Updater:351 - Updater called before beeing initialized
2025-09-16 18:08:41,788 [WARN] DetailPanel:346 - Failed to get advertising image, set to default
2025-09-16 18:08:41,884 [FATAL] Updater:351 - Updater called before beeing initialized
2025-09-16 18:08:41,885 [FATAL] Updater:351 - Updater called before beeing initialized
2025-09-16 18:08:41,885 [FATAL] Updater:351 - Updater called before beeing initialized
2025-09-16 18:08:41,885 [WARN] DetailPanel:346 - Failed to get advertising image, set to default
2025-09-16 18:08:41,887 [FATAL] Updater:351 - Updater called before beeing initialized
2025-09-16 18:08:41,941 [ERROR] Updater:1198 - MainUpdater not yet initialized. External WinMGr cannot be set.
2025-09-16 18:08:41,943 [INFO] Updater:1134 - Updater Version found : 6.15.0
2025-09-16 18:08:41,959 [INFO] ApplicationProperties:184 - Using Application install path: C:\ST\STM32CubeIDE_1.19.0\STM32CubeIDE\plugins\com.st.stm32cube.common.mx_6.15.0.202507011659
2025-09-16 18:08:43,109 [INFO] ThirdPartyUpdaterWithRetryManager:70 - Updater plugin not ready yet. [2/15]
2025-09-16 18:08:43,533 [ERROR] LogOutputStream:75 - [STDERR_REDIRECT] Sep 16, 2025 6:08:43 PM java.util.prefs.WindowsPreferences <init>
2025-09-16 18:08:43,535 [ERROR] LogOutputStream:75 - [STDERR_REDIRECT] WARNING: Could not open/create prefs root node Software\JavaSoft\Prefs at root 0xffffffff80000002. Windows RegCreateKeyEx(...) returned error code 5.
2025-09-16 18:08:43,536 [ERROR] LogOutputStream:75 - [STDERR_REDIRECT] 
2025-09-16 18:08:43,944 [INFO] MainUpdater:2872 - connection check result : 10
2025-09-16 18:08:43,945 [INFO] MainUpdater:289 - Updater Check For Update Now.
2025-09-16 18:08:43,945 [INFO] MicroXplorer:498 - Change Database Version : DB.6.0.150
2025-09-16 18:08:43,963 [INFO] McuFinderGlobals:63 - Set McuFinder mode to 2 (CubeIDE integrated)
2025-09-16 18:08:43,965 [INFO] UserAuth:487 - Internet connection configuration mode: 1
2025-09-16 18:08:44,003 [INFO] JxBrowserEngine:152 - Initiate JxBrowser Engine with user profile folder
2025-09-16 18:08:44,181 [INFO] CheckServerUpdateThread:120 - End of CheckServer Thread
2025-09-16 18:08:45,027 [INFO] WebApp:169 - Instantiating new browser for Auth
2025-09-16 18:08:46,144 [INFO] WebApp:463 - Apply proxy settings
2025-09-16 18:08:46,144 [INFO] WebApp:548 - Chromium requires no authentication
2025-09-16 18:08:46,160 [INFO] WebApp:491 - Direct internet connection detected
2025-09-16 18:08:46,209 [INFO] WebApp:900 - Register for checkConnection events
2025-09-16 18:08:46,209 [INFO] WebApp:463 - Apply proxy settings
2025-09-16 18:08:46,210 [INFO] WebApp:548 - Chromium requires no authentication
2025-09-16 18:08:46,210 [INFO] WebApp:491 - Direct internet connection detected
2025-09-16 18:08:46,380 [INFO] WebApp:191 - Connection restablished
2025-09-16 18:08:46,545 [WARN] PackLoader:240 - Cannot read IP mode file for STMicroelectronics.FP-SNS-MOTENVWB1.1.4.0
2025-09-16 18:08:46,566 [WARN] PackLoader:240 - Cannot read IP mode file for STMicroelectronics.FP-ATR-ASTRA1.2.0.2
2025-09-16 18:08:46,589 [INFO] WebApp:225 - Starting web application
2025-09-16 18:08:46,590 [INFO] WebApp:593 - Web application path used C:\ST\STM32CubeIDE_1.19.0\STM32CubeIDE\plugins\com.st.stm32cube.common.mx_6.15.0.202507011659\db\plugins\mcufinder\reactClient1\index.html
2025-09-16 18:08:46,613 [WARN] PackLoader:240 - Cannot read IP mode file for STMicroelectronics.X-CUBE-SMBUS.2.1.0
2025-09-16 18:08:46,626 [WARN] PackLoader:240 - Cannot read IP mode file for STMicroelectronics.X-CUBE-ST60.1.0.0
2025-09-16 18:08:46,728 [WARN] PackLoader:240 - Cannot read IP mode file for STMicroelectronics.X-CUBE-AZRTOS-F7.1.1.0
2025-09-16 18:08:46,774 [WARN] PackLoader:240 - Cannot read IP mode file for WES.I-CUBE-Cesium.1.4.0
2025-09-16 18:08:46,834 [WARN] PackLoader:240 - Cannot read IP mode file for Infineon.AIROC-Wi-Fi-Bluetooth-STM32.1.7.1
2025-09-16 18:08:46,913 [WARN] PackLoader:240 - Cannot read IP mode file for STMicroelectronics.X-CUBE-AZRTOS-H7.3.4.0
2025-09-16 18:08:46,955 [WARN] PackLoader:240 - Cannot read IP mode file for STMicroelectronics.X-CUBE-DISPLAY.3.0.0
2025-09-16 18:08:46,985 [WARN] PackLoader:240 - Cannot read IP mode file for STMicroelectronics.X-CUBE-NFC10.1.0.0
2025-09-16 18:08:47,001 [WARN] PackLoader:240 - Cannot read IP mode file for emotas.I-CUBE-CANOPEN.1.3.0
2025-09-16 18:08:47,018 [WARN] PackLoader:240 - Cannot read IP mode file for STMicroelectronics.FP-SNS-STBOX1.2.1.0
2025-09-16 18:08:47,034 [WARN] PackLoader:240 - Cannot read IP mode file for STMicroelectronics.FP-SNS-SMARTAG2.1.2.0
2025-09-16 18:08:47,047 [WARN] PackLoader:240 - Cannot read IP mode file for STMicroelectronics.FP-SNS-FLIGHT1.5.1.0
2025-09-16 18:08:47,069 [INFO] LogOutputStream:77 - [STDOUT_REDIRECT] 1 : Invalid condition id : UX_CORESTACK_Condition cause : null
2025-09-16 18:08:47,071 [INFO] LogOutputStream:77 - [STDOUT_REDIRECT] 1 : Invalid condition id : UX_CORESTACK_Condition cause : null
2025-09-16 18:08:47,073 [INFO] LogOutputStream:77 - [STDOUT_REDIRECT] 1 : Invalid condition id : UX_CORESTACK_Condition cause : null
2025-09-16 18:08:47,075 [INFO] LogOutputStream:77 - [STDOUT_REDIRECT] 1 : Invalid condition id : UX_CORESTACK_Condition cause : null
2025-09-16 18:08:47,077 [INFO] LogOutputStream:77 - [STDOUT_REDIRECT] 1 : Invalid condition id : UX_CORESTACK_Condition cause : null
2025-09-16 18:08:47,083 [WARN] PackLoader:240 - Cannot read IP mode file for STMicroelectronics.X-CUBE-AZRTOS-WL.2.0.0
2025-09-16 18:08:47,093 [WARN] PackLoader:240 - Cannot read IP mode file for STMicroelectronics.FP-SNS-MOTENV1.5.0.0
2025-09-16 18:08:47,105 [WARN] PackLoader:240 - Cannot read IP mode file for STMicroelectronics.X-CUBE-BLE2.3.3.0
2025-09-16 18:08:47,116 [WARN] PackLoader:240 - Cannot read IP mode file for STMicroelectronics.X-CUBE-NFC9.1.0.0
2025-09-16 18:08:47,129 [WARN] PackLoader:240 - Cannot read IP mode file for wolfSSL.I-CUBE-wolfSSL.5.8.2
2025-09-16 18:08:47,138 [WARN] PackLoader:240 - Cannot read IP mode file for STMicroelectronics.X-CUBE-BLE1.7.1.0
2025-09-16 18:08:47,145 [WARN] PackLoader:240 - Cannot read IP mode file for wolfSSL.I-CUBE-wolfMQTT.1.19.2
2025-09-16 18:08:47,157 [WARN] PackLoader:240 - Cannot read IP mode file for STMicroelectronics.X-CUBE-EEPRMA1.5.2.0
2025-09-16 18:08:47,183 [WARN] PackLoader:240 - Cannot read IP mode file for STMicroelectronics.X-CUBE-AZRTOS-G0.1.1.0
2025-09-16 18:08:47,197 [WARN] PackLoader:240 - Cannot read IP mode file for STMicroelectronics.X-CUBE-SAFEA1.1.2.2
2025-09-16 18:08:47,198 [INFO] UserAuth:487 - Internet connection configuration mode: 1
2025-09-16 18:08:47,210 [WARN] PackLoader:240 - Cannot read IP mode file for STMicroelectronics.X-CUBE-NFC4.3.0.0
2025-09-16 18:08:47,231 [WARN] PackLoader:240 - Cannot read IP mode file for EmbeddedOffice.I-CUBE-FS-RTOS.1.0.1
2025-09-16 18:08:47,241 [WARN] PackLoader:240 - Cannot read IP mode file for STMicroelectronics.X-CUBE-WB05N.2.0.0
2025-09-16 18:08:47,247 [WARN] PackLoader:240 - Cannot read IP mode file for wolfSSL.I-CUBE-wolfTPM.3.8.0
2025-09-16 18:08:47,255 [WARN] PackLoader:240 - Cannot read IP mode file for STMicroelectronics.X-CUBE-TCPP.4.2.0
2025-09-16 18:08:47,266 [WARN] PackLoader:240 - Cannot read IP mode file for RealThread.X-CUBE-RT-Thread_Nano.4.1.1
2025-09-16 18:08:47,274 [WARN] PackLoader:240 - Cannot read IP mode file for STMicroelectronics.FP-ATR-SIGFOX1.3.2.0
2025-09-16 18:08:47,282 [WARN] PackLoader:240 - Cannot read IP mode file for ITTIA_DB.I-CUBE-ITTIADB.8.9.0
2025-09-16 18:08:47,293 [WARN] PackLoader:240 - Cannot read IP mode file for STMicroelectronics.X-CUBE-ST67W61.1.0.0
2025-09-16 18:08:47,300 [WARN] PackLoader:240 - Cannot read IP mode file for STMicroelectronics.X-CUBE-AI.10.2.0
2025-09-16 18:08:47,357 [WARN] PackLoader:240 - Cannot read IP mode file for SEGGER.I-CUBE-embOS.1.3.1
2025-09-16 18:08:47,428 [WARN] PackLoader:240 - Cannot read IP mode file for STMicroelectronics.X-CUBE-ALGOBUILD.1.4.0
2025-09-16 18:08:47,540 [WARN] PackLoader:240 - Cannot read IP mode file for STMicroelectronics.X-CUBE-MEMS1.11.3.0
2025-09-16 18:08:47,727 [WARN] PackLoader:240 - Cannot read IP mode file for STMicroelectronics.X-CUBE-PM33A1.1.0.0
2025-09-16 18:08:47,753 [WARN] PackLoader:240 - Cannot read IP mode file for STMicroelectronics.X-CUBE-AZRTOS-F4.1.1.0
2025-09-16 18:08:47,763 [WARN] PackLoader:240 - Cannot read IP mode file for Avnet-IotConnect.X-CUBE-IoTC-DA16k-PMOD.1.0.0
2025-09-16 18:08:47,771 [WARN] PackLoader:240 - Cannot read IP mode file for STMicroelectronics.X-CUBE-ISPU.2.1.0
2025-09-16 18:08:47,782 [WARN] PackLoader:240 - Cannot read IP mode file for STMicroelectronics.X-CUBE-NFC12.1.0.0
2025-09-16 18:08:47,811 [WARN] PackLoader:240 - Cannot read IP mode file for STMicroelectronics.X-CUBE-AZRTOS-L5.2.0.0
2025-09-16 18:08:47,827 [WARN] PackLoader:240 - Cannot read IP mode file for STMicroelectronics.X-CUBE-NFC6.3.1.0
2025-09-16 18:08:47,839 [WARN] PackLoader:240 - Cannot read IP mode file for STMicroelectronics.X-CUBE-FREERTOS.1.3.1
2025-09-16 18:08:47,849 [WARN] PackLoader:240 - Cannot read IP mode file for STMicroelectronics.FP-SNS-STAIOTCFT.1.0.0
2025-09-16 18:08:47,858 [WARN] PackLoader:240 - Cannot read IP mode file for STMicroelectronics.X-CUBE-DPower.1.3.0
2025-09-16 18:08:47,887 [WARN] ConditionMgr:438 - getConditionDescription Invalid condition id : LAN8742 Phy interface Condition cause : null
2025-09-16 18:08:47,888 [WARN] PackLoader:240 - Cannot read IP mode file for STMicroelectronics.X-CUBE-AZRTOS-L4.2.0.0
2025-09-16 18:08:47,890 [WARN] ConditionMgr:1044 - genDependencies : Invalid condition id : LAN8742 Phy interface Condition cause : null
2025-09-16 18:08:47,890 [WARN] ConditionMgr:1044 - genDependencies : Invalid condition id : LAN8742 Phy interface Condition cause : null
2025-09-16 18:08:47,891 [WARN] ConditionMgr:1044 - genDependencies : Invalid condition id : LAN8742 Phy interface Condition cause : null
2025-09-16 18:08:47,906 [WARN] PackLoader:240 - Cannot read IP mode file for STMicroelectronics.X-CUBE-SFXS2LP1.4.0.0
2025-09-16 18:08:47,924 [WARN] PackLoader:240 - Cannot read IP mode file for STMicroelectronics.X-CUBE-BLEMGR.4.1.0
2025-09-16 18:08:47,947 [WARN] ConditionMgr:438 - getConditionDescription Invalid condition id : UX DEVICE CLASS RTOS Condition cause : null
2025-09-16 18:08:47,948 [WARN] ConditionMgr:438 - getConditionDescription Invalid condition id : UX DEVICE CLASS RTOS Condition cause : null
2025-09-16 18:08:47,950 [WARN] PackLoader:240 - Cannot read IP mode file for STMicroelectronics.X-CUBE-AZRTOS-WB.2.0.0
2025-09-16 18:08:47,951 [WARN] ConditionMgr:1044 - genDependencies : Invalid condition id : UX DEVICE CLASS RTOS Condition cause : null
2025-09-16 18:08:47,951 [WARN] ConditionMgr:1044 - genDependencies : Invalid condition id : UX DEVICE CLASS RTOS Condition cause : null
2025-09-16 18:08:47,953 [WARN] ConditionMgr:1044 - genDependencies : Invalid condition id : UX DEVICE CLASS RTOS Condition cause : null
2025-09-16 18:08:47,954 [WARN] ConditionMgr:1044 - genDependencies : Invalid condition id : UX DEVICE CLASS RTOS Condition cause : null
2025-09-16 18:08:47,954 [WARN] ConditionMgr:1044 - genDependencies : Invalid condition id : UX DEVICE CLASS RTOS Condition cause : null
2025-09-16 18:08:47,963 [WARN] PackLoader:240 - Cannot read IP mode file for STMicroelectronics.X-CUBE-GNSS1.7.0.1
2025-09-16 18:08:47,972 [WARN] PackLoader:240 - Cannot read IP mode file for STMicroelectronics.X-CUBE-TOUCHGFX.4.25.0
2025-09-16 18:08:47,978 [WARN] ConditionMgr:438 - getConditionDescription Invalid condition id : Cortex-A Device cause : null
2025-09-16 18:08:47,997 [WARN] ConditionMgr:1044 - genDependencies : Invalid condition id : Cortex-A Device cause : null
2025-09-16 18:08:47,997 [WARN] ConditionMgr:1044 - genDependencies : Invalid condition id : Cortex-A Device cause : null
2025-09-16 18:08:47,997 [WARN] ConditionMgr:1044 - genDependencies : Invalid condition id : Cortex-A Device cause : null
2025-09-16 18:08:48,010 [WARN] PackLoader:240 - Cannot read IP mode file for STMicroelectronics.X-CUBE-SUBG2.5.0.0
2025-09-16 18:08:48,037 [WARN] PackLoader:240 - Cannot read IP mode file for STMicroelectronics.X-CUBE-AZRTOS-H7RS.1.1.0
2025-09-16 18:08:48,046 [WARN] PackLoader:240 - Cannot read IP mode file for Cesanta.I-CUBE-Mongoose.7.13.0
2025-09-16 18:08:48,064 [WARN] PackLoader:240 - Cannot read IP mode file for STMicroelectronics.X-CUBE-AZRTOS-G4.2.0.0
2025-09-16 18:08:48,071 [WARN] PackLoader:240 - Cannot read IP mode file for wolfSSL.I-CUBE-wolfSSH.1.4.20
2025-09-16 18:08:48,077 [WARN] PackLoader:240 - Cannot read IP mode file for STMicroelectronics.X-CUBE-NFC7.2.0.0
2025-09-16 18:08:48,102 [WARN] PackLoader:240 - Cannot read IP mode file for STMicroelectronics.X-CUBE-IPS.3.1.0
2025-09-16 18:08:48,113 [WARN] PackLoader:240 - Cannot read IP mode file for STMicroelectronics.X-CUBE-ALS.1.0.2
2025-09-16 18:08:48,122 [WARN] PackLoader:240 - Cannot read IP mode file for STMicroelectronics.X-CUBE-STSE01.1.0.0
2025-09-16 18:08:48,132 [WARN] PackLoader:240 - Cannot read IP mode file for portGmbH.I-Cube-SoM-uGOAL.1.1.0
2025-09-16 18:08:48,148 [WARN] PackLoader:240 - Cannot read IP mode file for STMicroelectronics.X-CUBE-TOF1.3.4.3
2025-09-16 18:08:48,162 [INFO] ThirdParty:978 - Integrity check success = true
2025-09-16 18:08:48,162 [INFO] IntegrityCheckThread:100 - exiting critical section [integrity check]
2025-09-16 18:08:48,162 [INFO] IntegrityCheckThread:103 - End integrity checks thread
