2025-09-15 15:30:34,336 [INFO] Activator:176 - 


2025-09-15 15:30:34,353 [INFO] Activator:177 - !SESSION log4j initialized
2025-09-15 15:30:49,396 [INFO] LogOutputStream:77 - [STDOUT_REDIRECT] 
2025-09-15 15:30:51,508 [INFO] ApplicationProperties:184 - Using Application install path: C:\ST\STM32CubeIDE_1.19.0\STM32CubeIDE\plugins\com.st.stm32cube.common.mx_6.15.0.202507011659
2025-09-15 15:30:51,539 [INFO] DbMcusXml:78 - Set database path to: C:\ST\STM32CubeIDE_1.19.0\STM32CubeIDE\plugins\com.st.stm32cube.common.mx_6.15.0.202507011659\\db\/mcu/
2025-09-15 15:30:51,539 [INFO] ApiDb:274 - Set plugin database path to: C:\ST\STM32CubeIDE_1.19.0\STM32CubeIDE\plugins\com.st.stm32cube.common.mx_6.15.0.202507011659\\db\/plugins/boardmanager/
2025-09-15 15:30:51,540 [WARN] ApiDb:259 - Overriding images path with different value:  => C:\ST\STM32CubeIDE_1.19.0\STM32CubeIDE\plugins\com.st.stm32cube.common.mx_6.15.0.202507011659\\db\/plugins/mcufinder/images/
2025-09-15 15:30:51,556 [INFO] ApiDb:250 - Set database path to: C:\Users\Grant\.stmcufinder\plugins\mcufinder//mcu/
2025-09-15 15:30:51,558 [INFO] DbMcusAds:125 - Set database path to: C:\Users\Grant\.stmcufinder\plugins\mcufinder//mcu/
2025-09-15 15:30:51,561 [INFO] CrossReferenceDbSqlite:203 - Set database path to: C:\Users\Grant\.stmcufinder\plugins\mcufinder//mcu/cs/
2025-09-15 15:30:51,778 [INFO] RulesReader:64 - Compatibility file has been processed (317 Rules)
2025-09-15 15:30:51,938 [INFO] DbMcusXml:78 - Set database path to: C:\ST\STM32CubeIDE_1.19.0\STM32CubeIDE\plugins\com.st.stm32cube.common.mx_6.15.0.202507011659\\db\/mcu/
2025-09-15 15:30:51,939 [INFO] ApiDb:274 - Set plugin database path to: C:\ST\STM32CubeIDE_1.19.0\STM32CubeIDE\plugins\com.st.stm32cube.common.mx_6.15.0.202507011659\\db\/plugins/boardmanager/
2025-09-15 15:30:51,939 [INFO] ApiDb:261 - Set plugin images path to: C:\ST\STM32CubeIDE_1.19.0\STM32CubeIDE\plugins\com.st.stm32cube.common.mx_6.15.0.202507011659\\db\/plugins/mcufinder/images/
2025-09-15 15:30:51,940 [WARN] DbFile:41 - Overriding database path with different value: C:\Users\Grant\.stmcufinder\plugins\mcufinder/ => C:\Users\Grant\.stmcufinder\plugins\mcufinder
2025-09-15 15:30:51,940 [INFO] ApiDb:250 - Set database path to: C:\Users\Grant\.stmcufinder\plugins\mcufinder//mcu/
2025-09-15 15:30:51,940 [WARN] DbFile:41 - Overriding database path with different value: C:\Users\Grant\.stmcufinder\plugins\mcufinder/ => C:\Users\Grant\.stmcufinder\plugins\mcufinder
2025-09-15 15:30:51,941 [INFO] DbMcusAds:125 - Set database path to: C:\Users\Grant\.stmcufinder\plugins\mcufinder//mcu/
2025-09-15 15:30:51,941 [WARN] DbFile:41 - Overriding database path with different value: C:\Users\Grant\.stmcufinder\plugins\mcufinder/ => C:\Users\Grant\.stmcufinder\plugins\mcufinder
2025-09-15 15:30:51,941 [WARN] DbFile:41 - Overriding database path with different value: C:\Users\Grant\.stmcufinder\plugins\mcufinder/ => C:\Users\Grant\.stmcufinder\plugins\mcufinder
2025-09-15 15:30:51,941 [INFO] CrossReferenceDbSqlite:203 - Set database path to: C:\Users\Grant\.stmcufinder\plugins\mcufinder//mcu/cs/
2025-09-15 15:30:52,182 [INFO] MainPanel:274 - HeapMemory: 268435456
2025-09-15 15:30:52,516 [INFO] DbMcusXml:78 - Set database path to: C:\ST\STM32CubeIDE_1.19.0\STM32CubeIDE\plugins\com.st.stm32cube.common.mx_6.15.0.202507011659\\db\/mcu/
2025-09-15 15:30:52,516 [INFO] ApiDb:274 - Set plugin database path to: C:\ST\STM32CubeIDE_1.19.0\STM32CubeIDE\plugins\com.st.stm32cube.common.mx_6.15.0.202507011659\\db\/plugins/boardmanager/
2025-09-15 15:30:52,516 [INFO] ApiDb:261 - Set plugin images path to: C:\ST\STM32CubeIDE_1.19.0\STM32CubeIDE\plugins\com.st.stm32cube.common.mx_6.15.0.202507011659\\db\/plugins/mcufinder/images/
2025-09-15 15:30:52,517 [WARN] DbFile:41 - Overriding database path with different value: C:\Users\Grant\.stmcufinder\plugins\mcufinder/ => C:\Users\Grant\.stmcufinder\plugins\mcufinder
2025-09-15 15:30:52,517 [INFO] ApiDb:250 - Set database path to: C:\Users\Grant\.stmcufinder\plugins\mcufinder//mcu/
2025-09-15 15:30:52,517 [WARN] DbFile:41 - Overriding database path with different value: C:\Users\Grant\.stmcufinder\plugins\mcufinder/ => C:\Users\Grant\.stmcufinder\plugins\mcufinder
2025-09-15 15:30:52,518 [INFO] DbMcusAds:125 - Set database path to: C:\Users\Grant\.stmcufinder\plugins\mcufinder//mcu/
2025-09-15 15:30:52,518 [WARN] DbFile:41 - Overriding database path with different value: C:\Users\Grant\.stmcufinder\plugins\mcufinder/ => C:\Users\Grant\.stmcufinder\plugins\mcufinder
2025-09-15 15:30:52,518 [WARN] DbFile:41 - Overriding database path with different value: C:\Users\Grant\.stmcufinder\plugins\mcufinder/ => C:\Users\Grant\.stmcufinder\plugins\mcufinder
2025-09-15 15:30:52,519 [INFO] CrossReferenceDbSqlite:203 - Set database path to: C:\Users\Grant\.stmcufinder\plugins\mcufinder//mcu/cs/
2025-09-15 15:30:52,563 [INFO] ApplicationProperties:184 - Using Application install path: C:\ST\STM32CubeIDE_1.19.0\STM32CubeIDE\plugins\com.st.stm32cube.common.mx_6.15.0.202507011659
2025-09-15 15:30:52,566 [INFO] PluginManage:196 - Search for loadable plugins [exclusion list=, ]
2025-09-15 15:30:52,571 [INFO] PluginManage:310 - Check plugin analytics
2025-09-15 15:30:53,005 [INFO] AnalyticsPlugin:253 - Accepted Software Licenses: 
2025-09-15 15:30:53,005 [INFO] AnalyticsPlugin:255 - Accepted CMSIS Pack Licenses: 
2025-09-15 15:30:53,005 [INFO] AnalyticsPlugin:257 - Accepted Firmware Licenses: FW.L4.1.18.0
2025-09-15 15:30:53,009 [INFO] PluginManage:359 - Loaded plugin analytics (category:tool,tabindex:-1)
2025-09-15 15:30:53,010 [INFO] PluginManage:310 - Check plugin cadmodel
2025-09-15 15:30:53,018 [INFO] CADModel:105 - Init CAD model plugin
2025-09-15 15:30:53,019 [INFO] PluginManage:359 - Loaded plugin cadmodel (category:power,tabindex:5)
2025-09-15 15:30:53,019 [INFO] PluginManage:310 - Check plugin clock
2025-09-15 15:30:53,035 [INFO] PluginManage:359 - Loaded plugin clock (category:base,tabindex:2)
2025-09-15 15:30:53,035 [INFO] PluginManage:310 - Check plugin ddr
2025-09-15 15:30:53,039 [INFO] PluginManage:359 - Loaded plugin ddr (category:tool,tabindex:6)
2025-09-15 15:30:53,039 [INFO] PluginManage:310 - Check plugin filemanager
2025-09-15 15:30:53,280 [INFO] PluginManage:359 - Loaded plugin filemanager (category:base,tabindex:10)
2025-09-15 15:30:53,280 [INFO] PluginManage:310 - Check plugin ipmanager
2025-09-15 15:30:53,294 [INFO] PluginManage:359 - Loaded plugin ipmanager (category:base,tabindex:5)
2025-09-15 15:30:53,294 [INFO] PluginManage:310 - Check plugin lpbam
2025-09-15 15:30:53,311 [INFO] PluginManage:359 - Loaded plugin lpbam (category:base,tabindex:0)
2025-09-15 15:30:53,311 [INFO] PluginManage:310 - Check plugin memorymap
2025-09-15 15:30:53,355 [INFO] PluginManage:359 - Loaded plugin memorymap (category:base,tabindex:4)
2025-09-15 15:30:53,356 [INFO] PluginManage:310 - Check plugin pinoutandconfiguration
2025-09-15 15:30:53,378 [INFO] PluginManage:359 - Loaded plugin pinoutandconfiguration (category:base,tabindex:1)
2025-09-15 15:30:53,379 [INFO] PluginManage:310 - Check plugin pinoutconfig
2025-09-15 15:30:53,582 [WARN] SupportedApi:132 - Cannot load RTOS API schema: s4s-elt-must-match.1: The content of 'definitions' must match (annotation?, (simpleType | complexType)?, (unique | key | keyref)*)). A problem was found starting at: attribute.
2025-09-15 15:30:54,004 [INFO] PluginManage:359 - Loaded plugin pinoutconfig (category:base,tabindex:0)
2025-09-15 15:30:54,004 [INFO] PluginManage:310 - Check plugin power
2025-09-15 15:30:54,019 [INFO] PluginManage:359 - Loaded plugin power (category:power,tabindex:4)
2025-09-15 15:30:54,019 [INFO] PluginManage:310 - Check plugin projectmanager
2025-09-15 15:30:54,043 [INFO] PluginManage:359 - Loaded plugin projectmanager (category:projectmanager,tabindex:4)
2025-09-15 15:30:54,043 [INFO] PluginManage:310 - Check plugin rif
2025-09-15 15:30:54,062 [INFO] PluginManage:359 - Loaded plugin rif (category:base,tabindex:3)
2025-09-15 15:30:54,062 [INFO] PluginManage:310 - Check plugin thirdparty
2025-09-15 15:30:54,325 [WARN] IntegrityCheckThread:84 - waiting for thirdparty lock release [integrity check]
2025-09-15 15:30:54,326 [INFO] PluginManage:359 - Loaded plugin thirdparty (category:base,tabindex:-1)
2025-09-15 15:30:54,326 [INFO] IntegrityCheckThread:86 - entering critical section [integrity check]
2025-09-15 15:30:54,326 [INFO] PluginManage:310 - Check plugin tools
2025-09-15 15:30:54,326 [INFO] ThirdPartyUpdaterWithRetryManager:70 - Updater plugin not ready yet. [1/15]
2025-09-15 15:30:54,333 [INFO] PluginManage:359 - Loaded plugin tools (category:base,tabindex:7)
2025-09-15 15:30:54,333 [INFO] PluginManage:310 - Check plugin tutovideos
2025-09-15 15:30:54,731 [INFO] PluginManage:359 - Loaded plugin tutovideos (category:base,tabindex:-1)
2025-09-15 15:30:54,731 [INFO] PluginManage:310 - Check plugin updater
2025-09-15 15:30:54,769 [INFO] PluginManage:359 - Loaded plugin updater (category:base,tabindex:12)
2025-09-15 15:30:54,769 [INFO] PluginManage:310 - Check plugin userauth
2025-09-15 15:30:54,774 [INFO] UserAuth:118 - Init User Auth plugin
2025-09-15 15:30:54,775 [INFO] PluginManage:359 - Loaded plugin userauth (category:base,tabindex:14)
2025-09-15 15:30:54,776 [INFO] PluginManage:283 - PluginManage : Loaded plugins [18]
2025-09-15 15:30:55,308 [INFO] PinOutPanel:1589 - setPackage(No Configuration,No Configuration)
2025-09-15 15:30:55,567 [INFO] CADModel:165 - CPN selected for project level
2025-09-15 15:30:55,567 [INFO] CADModel:114 - Register for checkConnection events
2025-09-15 15:30:55,616 [INFO] IPUIPlugin:80 - create IPUIPlugin
2025-09-15 15:30:55,617 [INFO] PluginManager:220 - loadIPPluginJar : add adc
2025-09-15 15:30:55,624 [INFO] IPUIPlugin:80 - create IPUIPlugin
2025-09-15 15:30:55,624 [INFO] PluginManager:220 - loadIPPluginJar : add aes
2025-09-15 15:30:55,632 [INFO] IPUIPlugin:80 - create IPUIPlugin
2025-09-15 15:30:55,632 [INFO] PluginManager:220 - loadIPPluginJar : add can
2025-09-15 15:30:55,638 [INFO] IPUIPlugin:80 - create IPUIPlugin
2025-09-15 15:30:55,638 [INFO] PluginManager:220 - loadIPPluginJar : add comp
2025-09-15 15:30:55,646 [INFO] IPUIPlugin:80 - create IPUIPlugin
2025-09-15 15:30:55,646 [INFO] PluginManager:220 - loadIPPluginJar : add cryp
2025-09-15 15:30:55,656 [INFO] IPUIPlugin:80 - create IPUIPlugin
2025-09-15 15:30:55,657 [INFO] PluginManager:220 - loadIPPluginJar : add ddr_ctrl_phy
2025-09-15 15:30:55,664 [INFO] IPUIPlugin:80 - create IPUIPlugin
2025-09-15 15:30:55,664 [INFO] PluginManager:220 - loadIPPluginJar : add dfsdm
2025-09-15 15:30:55,678 [INFO] IPUIPlugin:80 - create IPUIPlugin
2025-09-15 15:30:55,679 [INFO] PluginManager:220 - loadIPPluginJar : add dma
2025-09-15 15:30:55,687 [INFO] IPUIPlugin:80 - create IPUIPlugin
2025-09-15 15:30:55,687 [INFO] PluginManager:220 - loadIPPluginJar : add dma3
2025-09-15 15:30:55,695 [INFO] IPUIPlugin:80 - create IPUIPlugin
2025-09-15 15:30:55,696 [INFO] PluginManager:220 - loadIPPluginJar : add extmemmanager
2025-09-15 15:30:55,700 [INFO] IPUIPlugin:80 - create IPUIPlugin
2025-09-15 15:30:55,700 [INFO] PluginManager:220 - loadIPPluginJar : add fatfs
2025-09-15 15:30:55,712 [INFO] IPUIPlugin:80 - create IPUIPlugin
2025-09-15 15:30:55,712 [INFO] PluginManager:220 - loadIPPluginJar : add fmc
2025-09-15 15:30:55,739 [INFO] IPUIPlugin:80 - create IPUIPlugin
2025-09-15 15:30:55,739 [INFO] PluginManager:220 - loadIPPluginJar : add freertos
2025-09-15 15:30:55,742 [INFO] IPUIPlugin:80 - create IPUIPlugin
2025-09-15 15:30:55,742 [INFO] PluginManager:220 - loadIPPluginJar : add genericplugin
2025-09-15 15:30:55,746 [INFO] IPUIPlugin:80 - create IPUIPlugin
2025-09-15 15:30:55,746 [INFO] PluginManager:220 - loadIPPluginJar : add gfxmmu
2025-09-15 15:30:55,752 [INFO] IPUIPlugin:80 - create IPUIPlugin
2025-09-15 15:30:55,753 [INFO] PluginManager:220 - loadIPPluginJar : add gic
2025-09-15 15:30:55,758 [INFO] IPUIPlugin:80 - create IPUIPlugin
2025-09-15 15:30:55,758 [INFO] PluginManager:220 - loadIPPluginJar : add gpio
2025-09-15 15:30:55,763 [INFO] IPUIPlugin:80 - create IPUIPlugin
2025-09-15 15:30:55,763 [INFO] PluginManager:220 - loadIPPluginJar : add gtzc
2025-09-15 15:30:55,767 [INFO] IPUIPlugin:80 - create IPUIPlugin
2025-09-15 15:30:55,767 [INFO] PluginManager:220 - loadIPPluginJar : add hash
2025-09-15 15:30:55,771 [INFO] IPUIPlugin:80 - create IPUIPlugin
2025-09-15 15:30:55,772 [INFO] PluginManager:220 - loadIPPluginJar : add i2c
2025-09-15 15:30:55,778 [INFO] IPUIPlugin:80 - create IPUIPlugin
2025-09-15 15:30:55,779 [INFO] PluginManager:220 - loadIPPluginJar : add i2s
2025-09-15 15:30:55,785 [INFO] IPUIPlugin:80 - create IPUIPlugin
2025-09-15 15:30:55,786 [INFO] PluginManager:220 - loadIPPluginJar : add i3c
2025-09-15 15:30:55,790 [INFO] IPUIPlugin:80 - create IPUIPlugin
2025-09-15 15:30:55,790 [INFO] PluginManager:220 - loadIPPluginJar : add ipddr
2025-09-15 15:30:55,801 [INFO] IPUIPlugin:80 - create IPUIPlugin
2025-09-15 15:30:55,801 [INFO] PluginManager:220 - loadIPPluginJar : add linkedlist
2025-09-15 15:30:55,805 [INFO] IPUIPlugin:80 - create IPUIPlugin
2025-09-15 15:30:55,805 [INFO] PluginManager:220 - loadIPPluginJar : add lorawan
2025-09-15 15:30:55,807 [INFO] IPUIPlugin:80 - create IPUIPlugin
2025-09-15 15:30:55,808 [INFO] PluginManager:220 - loadIPPluginJar : add ltdc
2025-09-15 15:30:55,816 [INFO] IPUIPlugin:80 - create IPUIPlugin
2025-09-15 15:30:55,817 [INFO] PluginManager:220 - loadIPPluginJar : add mdma
2025-09-15 15:30:55,823 [INFO] IPUIPlugin:80 - create IPUIPlugin
2025-09-15 15:30:55,823 [INFO] PluginManager:220 - loadIPPluginJar : add nvic
2025-09-15 15:30:55,827 [INFO] IPUIPlugin:80 - create IPUIPlugin
2025-09-15 15:30:55,827 [INFO] PluginManager:220 - loadIPPluginJar : add opamp
2025-09-15 15:30:55,832 [INFO] IPUIPlugin:80 - create IPUIPlugin
2025-09-15 15:30:55,833 [INFO] PluginManager:220 - loadIPPluginJar : add openamp
2025-09-15 15:30:55,837 [INFO] IPUIPlugin:80 - create IPUIPlugin
2025-09-15 15:30:55,837 [INFO] PluginManager:220 - loadIPPluginJar : add pdm2pcm
2025-09-15 15:30:55,850 [INFO] IPUIPlugin:80 - create IPUIPlugin
2025-09-15 15:30:55,855 [INFO] PluginManager:220 - loadIPPluginJar : add plateformsettings
2025-09-15 15:30:55,857 [INFO] IPUIPlugin:80 - create IPUIPlugin
2025-09-15 15:30:55,857 [INFO] PluginManager:220 - loadIPPluginJar : add quadspi
2025-09-15 15:30:55,860 [INFO] IPUIPlugin:80 - create IPUIPlugin
2025-09-15 15:30:55,861 [INFO] PluginManager:220 - loadIPPluginJar : add radio
2025-09-15 15:30:55,868 [INFO] IPUIPlugin:80 - create IPUIPlugin
2025-09-15 15:30:55,868 [INFO] PluginManager:220 - loadIPPluginJar : add resmgrutility
2025-09-15 15:30:55,876 [INFO] IPUIPlugin:80 - create IPUIPlugin
2025-09-15 15:30:55,876 [INFO] PluginManager:220 - loadIPPluginJar : add sai
2025-09-15 15:30:55,882 [INFO] IPUIPlugin:80 - create IPUIPlugin
2025-09-15 15:30:55,883 [INFO] PluginManager:220 - loadIPPluginJar : add spi
2025-09-15 15:30:55,891 [INFO] IPUIPlugin:80 - create IPUIPlugin
2025-09-15 15:30:55,892 [INFO] PluginManager:220 - loadIPPluginJar : add stm32_wpan
2025-09-15 15:30:55,895 [INFO] IPUIPlugin:80 - create IPUIPlugin
2025-09-15 15:30:55,895 [INFO] PluginManager:220 - loadIPPluginJar : add tim
2025-09-15 15:30:55,900 [INFO] IPUIPlugin:80 - create IPUIPlugin
2025-09-15 15:30:55,900 [INFO] PluginManager:220 - loadIPPluginJar : add touchsensing
2025-09-15 15:30:55,906 [INFO] IPUIPlugin:80 - create IPUIPlugin
2025-09-15 15:30:55,906 [INFO] PluginManager:220 - loadIPPluginJar : add tracer_emb
2025-09-15 15:30:55,911 [INFO] IPUIPlugin:80 - create IPUIPlugin
2025-09-15 15:30:55,911 [INFO] PluginManager:220 - loadIPPluginJar : add ts
2025-09-15 15:30:55,915 [INFO] IPUIPlugin:80 - create IPUIPlugin
2025-09-15 15:30:55,916 [INFO] PluginManager:220 - loadIPPluginJar : add tsc
2025-09-15 15:30:55,918 [INFO] IPUIPlugin:80 - create IPUIPlugin
2025-09-15 15:30:55,920 [INFO] PluginManager:220 - loadIPPluginJar : add ucpd
2025-09-15 15:30:55,923 [INFO] IPUIPlugin:80 - create IPUIPlugin
2025-09-15 15:30:55,923 [INFO] PluginManager:220 - loadIPPluginJar : add usart
2025-09-15 15:30:55,931 [INFO] IPUIPlugin:80 - create IPUIPlugin
2025-09-15 15:30:55,931 [INFO] PluginManager:220 - loadIPPluginJar : add usbx
2025-09-15 15:30:56,094 [FATAL] Updater:351 - Updater called before beeing initialized
2025-09-15 15:30:56,203 [INFO] RulesReader:64 - Compatibility file has been processed (317 Rules)
2025-09-15 15:30:56,255 [INFO] RulesReader:64 - Compatibility file has been processed (317 Rules)
2025-09-15 15:30:56,309 [INFO] CADModel:165 - CPN selected for project level
2025-09-15 15:30:56,310 [INFO] CADModel:114 - Register for checkConnection events
2025-09-15 15:30:56,310 [FATAL] Updater:351 - Updater called before beeing initialized
2025-09-15 15:30:56,311 [ERROR] CADModel:125 - Updater not yet initialized, retry later 
2025-09-15 15:30:56,725 [FATAL] Updater:351 - Updater called before beeing initialized
2025-09-15 15:30:56,730 [INFO] CADModel:165 - CPN selected for project level
2025-09-15 15:30:56,730 [INFO] CADModel:114 - Register for checkConnection events
2025-09-15 15:30:56,730 [FATAL] Updater:351 - Updater called before beeing initialized
2025-09-15 15:30:56,730 [ERROR] CADModel:125 - Updater not yet initialized, retry later 
2025-09-15 15:30:56,735 [FATAL] Updater:351 - Updater called before beeing initialized
2025-09-15 15:30:57,022 [FATAL] Updater:351 - Updater called before beeing initialized
2025-09-15 15:30:57,038 [INFO] DbMcusAds:53 - JSON generation date=Tue Jul 08 04:14:23 EDT 2025 (1751962463582)
2025-09-15 15:30:57,038 [FATAL] Updater:351 - Updater called before beeing initialized
2025-09-15 15:30:57,123 [WARN] DetailPanel:346 - Failed to get advertising image, set to default
2025-09-15 15:30:57,259 [FATAL] Updater:351 - Updater called before beeing initialized
2025-09-15 15:30:57,261 [FATAL] Updater:351 - Updater called before beeing initialized
2025-09-15 15:30:57,261 [FATAL] Updater:351 - Updater called before beeing initialized
2025-09-15 15:30:57,262 [WARN] DetailPanel:346 - Failed to get advertising image, set to default
2025-09-15 15:30:57,263 [FATAL] Updater:351 - Updater called before beeing initialized
2025-09-15 15:30:57,327 [INFO] ThirdPartyUpdaterWithRetryManager:70 - Updater plugin not ready yet. [2/15]
2025-09-15 15:30:57,344 [ERROR] Updater:1198 - MainUpdater not yet initialized. External WinMGr cannot be set.
2025-09-15 15:30:57,347 [INFO] Updater:1134 - Updater Version found : 6.15.0
2025-09-15 15:30:57,378 [INFO] ApplicationProperties:184 - Using Application install path: C:\ST\STM32CubeIDE_1.19.0\STM32CubeIDE\plugins\com.st.stm32cube.common.mx_6.15.0.202507011659
2025-09-15 15:30:58,975 [ERROR] LogOutputStream:75 - [STDERR_REDIRECT] Sep 15, 2025 3:30:58 PM java.util.prefs.WindowsPreferences <init>
2025-09-15 15:30:58,982 [ERROR] LogOutputStream:75 - [STDERR_REDIRECT] WARNING: Could not open/create prefs root node Software\JavaSoft\Prefs at root 0xffffffff80000002. Windows RegCreateKeyEx(...) returned error code 5.
2025-09-15 15:30:58,983 [ERROR] LogOutputStream:75 - [STDERR_REDIRECT] 
2025-09-15 15:30:59,756 [INFO] MainUpdater:2872 - connection check result : 10
2025-09-15 15:30:59,757 [INFO] MainUpdater:3604 - Updater definition file requires update
2025-09-15 15:30:59,761 [INFO] MainUpdater:289 - Updater Check For Update Now.
2025-09-15 15:30:59,761 [INFO] MicroXplorer:498 - Change Database Version : DB.6.0.150
2025-09-15 15:30:59,786 [INFO] McuFinderGlobals:63 - Set McuFinder mode to 2 (CubeIDE integrated)
2025-09-15 15:30:59,789 [INFO] UserAuth:487 - Internet connection configuration mode: 1
2025-09-15 15:30:59,849 [INFO] JxBrowserEngine:152 - Initiate JxBrowser Engine with user profile folder
2025-09-15 15:30:59,953 [INFO] ServerAccessManage:452 - Complete download http(s) 200
2025-09-15 15:30:59,958 [INFO] ServerAccessManage:509 - Download File updaters.zip
2025-09-15 15:31:00,214 [INFO] FileExtend:248 - Unzip File : updaters.zip
2025-09-15 15:31:00,214 [INFO] FileExtend:263 - Standard Zip Deflate
2025-09-15 15:31:00,328 [WARN] MainUpdater:1193 - Updater busy. Cannot search thirdparties
2025-09-15 15:31:00,328 [INFO] ThirdPartyUpdaterWithRetryManager:96 - Updater plugin is busy. [1/15]
2025-09-15 15:31:00,815 [INFO] ServerAccessManage:452 - Complete download http(s) 200
2025-09-15 15:31:00,816 [INFO] ServerAccessManage:509 - Download File PacksControlFlags.xml
2025-09-15 15:31:00,924 [INFO] ServerAccessManage:452 - Complete download http(s) 200
2025-09-15 15:31:00,925 [INFO] ServerAccessManage:509 - Download File cubemx.pidx
2025-09-15 15:31:03,330 [WARN] MainUpdater:1193 - Updater busy. Cannot search thirdparties
2025-09-15 15:31:03,330 [INFO] ThirdPartyUpdaterWithRetryManager:96 - Updater plugin is busy. [2/15]
2025-09-15 15:31:03,388 [INFO] LoadServerUpdatesThread:375 - End of LoadServerUpdate Thread
2025-09-15 15:31:03,492 [INFO] WebApp:169 - Instantiating new browser for Auth
2025-09-15 15:31:03,646 [INFO] CheckServerUpdateThread:120 - End of CheckServer Thread
2025-09-15 15:31:05,006 [INFO] WebApp:463 - Apply proxy settings
2025-09-15 15:31:05,006 [INFO] WebApp:548 - Chromium requires no authentication
2025-09-15 15:31:05,023 [INFO] WebApp:491 - Direct internet connection detected
2025-09-15 15:31:05,070 [INFO] WebApp:900 - Register for checkConnection events
2025-09-15 15:31:05,070 [INFO] WebApp:463 - Apply proxy settings
2025-09-15 15:31:05,070 [INFO] WebApp:548 - Chromium requires no authentication
2025-09-15 15:31:05,072 [INFO] WebApp:491 - Direct internet connection detected
2025-09-15 15:31:05,289 [INFO] WebApp:191 - Connection restablished
2025-09-15 15:31:05,447 [INFO] WebApp:225 - Starting web application
2025-09-15 15:31:05,448 [INFO] WebApp:593 - Web application path used C:\ST\STM32CubeIDE_1.19.0\STM32CubeIDE\plugins\com.st.stm32cube.common.mx_6.15.0.202507011659\db\plugins\mcufinder\reactClient1\index.html
2025-09-15 15:31:05,832 [INFO] UserAuth:487 - Internet connection configuration mode: 1
2025-09-15 15:31:06,882 [WARN] PackLoader:240 - Cannot read IP mode file for STMicroelectronics.FP-SNS-MOTENVWB1.1.4.0
2025-09-15 15:31:06,901 [WARN] PackLoader:240 - Cannot read IP mode file for STMicroelectronics.FP-ATR-ASTRA1.2.0.2
2025-09-15 15:31:06,917 [WARN] PackLoader:240 - Cannot read IP mode file for STMicroelectronics.X-CUBE-SMBUS.2.1.0
2025-09-15 15:31:06,927 [WARN] PackLoader:240 - Cannot read IP mode file for STMicroelectronics.X-CUBE-ST60.1.0.0
2025-09-15 15:31:06,986 [WARN] PackLoader:240 - Cannot read IP mode file for STMicroelectronics.X-CUBE-AZRTOS-F7.1.1.0
2025-09-15 15:31:07,020 [WARN] PackLoader:240 - Cannot read IP mode file for WES.I-CUBE-Cesium.1.4.0
2025-09-15 15:31:07,084 [WARN] PackLoader:240 - Cannot read IP mode file for Infineon.AIROC-Wi-Fi-Bluetooth-STM32.1.7.1
2025-09-15 15:31:07,162 [WARN] PackLoader:240 - Cannot read IP mode file for STMicroelectronics.X-CUBE-AZRTOS-H7.3.4.0
2025-09-15 15:31:07,187 [WARN] PackLoader:240 - Cannot read IP mode file for STMicroelectronics.X-CUBE-DISPLAY.3.0.0
2025-09-15 15:31:07,216 [WARN] PackLoader:240 - Cannot read IP mode file for STMicroelectronics.X-CUBE-NFC10.1.0.0
2025-09-15 15:31:07,237 [WARN] PackLoader:240 - Cannot read IP mode file for emotas.I-CUBE-CANOPEN.1.3.0
2025-09-15 15:31:07,253 [WARN] PackLoader:240 - Cannot read IP mode file for STMicroelectronics.FP-SNS-STBOX1.2.1.0
2025-09-15 15:31:07,268 [WARN] PackLoader:240 - Cannot read IP mode file for STMicroelectronics.FP-SNS-SMARTAG2.1.2.0
2025-09-15 15:31:07,279 [WARN] PackLoader:240 - Cannot read IP mode file for STMicroelectronics.FP-SNS-FLIGHT1.5.1.0
2025-09-15 15:31:07,300 [INFO] LogOutputStream:77 - [STDOUT_REDIRECT] 1 : Invalid condition id : UX_CORESTACK_Condition cause : null
2025-09-15 15:31:07,301 [INFO] LogOutputStream:77 - [STDOUT_REDIRECT] 1 : Invalid condition id : UX_CORESTACK_Condition cause : null
2025-09-15 15:31:07,304 [INFO] LogOutputStream:77 - [STDOUT_REDIRECT] 1 : Invalid condition id : UX_CORESTACK_Condition cause : null
2025-09-15 15:31:07,306 [INFO] LogOutputStream:77 - [STDOUT_REDIRECT] 1 : Invalid condition id : UX_CORESTACK_Condition cause : null
2025-09-15 15:31:07,312 [INFO] LogOutputStream:77 - [STDOUT_REDIRECT] 1 : Invalid condition id : UX_CORESTACK_Condition cause : null
2025-09-15 15:31:07,320 [WARN] PackLoader:240 - Cannot read IP mode file for STMicroelectronics.X-CUBE-AZRTOS-WL.2.0.0
2025-09-15 15:31:07,335 [WARN] PackLoader:240 - Cannot read IP mode file for STMicroelectronics.FP-SNS-MOTENV1.5.0.0
2025-09-15 15:31:07,355 [WARN] PackLoader:240 - Cannot read IP mode file for STMicroelectronics.X-CUBE-BLE2.3.3.0
2025-09-15 15:31:07,372 [WARN] PackLoader:240 - Cannot read IP mode file for STMicroelectronics.X-CUBE-NFC9.1.0.0
2025-09-15 15:31:07,387 [WARN] PackLoader:240 - Cannot read IP mode file for wolfSSL.I-CUBE-wolfSSL.5.8.2
2025-09-15 15:31:07,400 [WARN] PackLoader:240 - Cannot read IP mode file for STMicroelectronics.X-CUBE-BLE1.7.1.0
2025-09-15 15:31:07,409 [WARN] PackLoader:240 - Cannot read IP mode file for wolfSSL.I-CUBE-wolfMQTT.1.19.2
2025-09-15 15:31:07,419 [WARN] PackLoader:240 - Cannot read IP mode file for STMicroelectronics.X-CUBE-EEPRMA1.5.2.0
2025-09-15 15:31:07,453 [WARN] PackLoader:240 - Cannot read IP mode file for STMicroelectronics.X-CUBE-AZRTOS-G0.1.1.0
2025-09-15 15:31:07,474 [WARN] PackLoader:240 - Cannot read IP mode file for STMicroelectronics.X-CUBE-SAFEA1.1.2.2
2025-09-15 15:31:07,487 [WARN] PackLoader:240 - Cannot read IP mode file for STMicroelectronics.X-CUBE-NFC4.3.0.0
2025-09-15 15:31:07,516 [WARN] PackLoader:240 - Cannot read IP mode file for EmbeddedOffice.I-CUBE-FS-RTOS.1.0.1
2025-09-15 15:31:07,537 [WARN] PackLoader:240 - Cannot read IP mode file for STMicroelectronics.X-CUBE-WB05N.2.0.0
2025-09-15 15:31:07,552 [WARN] PackLoader:240 - Cannot read IP mode file for wolfSSL.I-CUBE-wolfTPM.3.8.0
2025-09-15 15:31:07,571 [WARN] PackLoader:240 - Cannot read IP mode file for STMicroelectronics.X-CUBE-TCPP.4.2.0
2025-09-15 15:31:07,587 [WARN] PackLoader:240 - Cannot read IP mode file for RealThread.X-CUBE-RT-Thread_Nano.4.1.1
2025-09-15 15:31:07,596 [WARN] PackLoader:240 - Cannot read IP mode file for STMicroelectronics.FP-ATR-SIGFOX1.3.2.0
2025-09-15 15:31:07,610 [WARN] PackLoader:240 - Cannot read IP mode file for ITTIA_DB.I-CUBE-ITTIADB.8.9.0
2025-09-15 15:31:07,622 [WARN] PackLoader:240 - Cannot read IP mode file for STMicroelectronics.X-CUBE-ST67W61.1.0.0
2025-09-15 15:31:07,634 [WARN] PackLoader:240 - Cannot read IP mode file for STMicroelectronics.X-CUBE-AI.10.2.0
2025-09-15 15:31:07,711 [WARN] PackLoader:240 - Cannot read IP mode file for SEGGER.I-CUBE-embOS.1.3.1
2025-09-15 15:31:07,852 [WARN] PackLoader:240 - Cannot read IP mode file for STMicroelectronics.X-CUBE-ALGOBUILD.1.4.0
2025-09-15 15:31:07,975 [WARN] PackLoader:240 - Cannot read IP mode file for STMicroelectronics.X-CUBE-MEMS1.11.3.0
2025-09-15 15:31:08,238 [WARN] PackLoader:240 - Cannot read IP mode file for STMicroelectronics.X-CUBE-PM33A1.1.0.0
2025-09-15 15:31:08,272 [WARN] PackLoader:240 - Cannot read IP mode file for STMicroelectronics.X-CUBE-AZRTOS-F4.1.1.0
2025-09-15 15:31:08,283 [WARN] PackLoader:240 - Cannot read IP mode file for Avnet-IotConnect.X-CUBE-IoTC-DA16k-PMOD.1.0.0
2025-09-15 15:31:08,290 [WARN] PackLoader:240 - Cannot read IP mode file for STMicroelectronics.X-CUBE-ISPU.2.1.0
2025-09-15 15:31:08,305 [WARN] PackLoader:240 - Cannot read IP mode file for STMicroelectronics.X-CUBE-NFC12.1.0.0
2025-09-15 15:31:08,337 [WARN] PackLoader:240 - Cannot read IP mode file for STMicroelectronics.X-CUBE-AZRTOS-L5.2.0.0
2025-09-15 15:31:08,354 [WARN] PackLoader:240 - Cannot read IP mode file for STMicroelectronics.X-CUBE-NFC6.3.1.0
2025-09-15 15:31:08,419 [WARN] PackLoader:240 - Cannot read IP mode file for STMicroelectronics.X-CUBE-FREERTOS.1.3.1
2025-09-15 15:31:08,450 [WARN] PackLoader:240 - Cannot read IP mode file for STMicroelectronics.FP-SNS-STAIOTCFT.1.0.0
2025-09-15 15:31:08,463 [WARN] PackLoader:240 - Cannot read IP mode file for STMicroelectronics.X-CUBE-DPower.1.3.0
2025-09-15 15:31:08,501 [WARN] ConditionMgr:438 - getConditionDescription Invalid condition id : LAN8742 Phy interface Condition cause : null
2025-09-15 15:31:08,502 [WARN] PackLoader:240 - Cannot read IP mode file for STMicroelectronics.X-CUBE-AZRTOS-L4.2.0.0
2025-09-15 15:31:08,505 [WARN] ConditionMgr:1044 - genDependencies : Invalid condition id : LAN8742 Phy interface Condition cause : null
2025-09-15 15:31:08,505 [WARN] ConditionMgr:1044 - genDependencies : Invalid condition id : LAN8742 Phy interface Condition cause : null
2025-09-15 15:31:08,507 [WARN] ConditionMgr:1044 - genDependencies : Invalid condition id : LAN8742 Phy interface Condition cause : null
2025-09-15 15:31:08,524 [WARN] PackLoader:240 - Cannot read IP mode file for STMicroelectronics.X-CUBE-SFXS2LP1.4.0.0
2025-09-15 15:31:08,547 [WARN] PackLoader:240 - Cannot read IP mode file for STMicroelectronics.X-CUBE-BLEMGR.4.1.0
2025-09-15 15:31:08,576 [WARN] ConditionMgr:438 - getConditionDescription Invalid condition id : UX DEVICE CLASS RTOS Condition cause : null
2025-09-15 15:31:08,576 [WARN] ConditionMgr:438 - getConditionDescription Invalid condition id : UX DEVICE CLASS RTOS Condition cause : null
2025-09-15 15:31:08,580 [WARN] PackLoader:240 - Cannot read IP mode file for STMicroelectronics.X-CUBE-AZRTOS-WB.2.0.0
2025-09-15 15:31:08,581 [WARN] ConditionMgr:1044 - genDependencies : Invalid condition id : UX DEVICE CLASS RTOS Condition cause : null
2025-09-15 15:31:08,581 [WARN] ConditionMgr:1044 - genDependencies : Invalid condition id : UX DEVICE CLASS RTOS Condition cause : null
2025-09-15 15:31:08,582 [WARN] ConditionMgr:1044 - genDependencies : Invalid condition id : UX DEVICE CLASS RTOS Condition cause : null
2025-09-15 15:31:08,582 [WARN] ConditionMgr:1044 - genDependencies : Invalid condition id : UX DEVICE CLASS RTOS Condition cause : null
2025-09-15 15:31:08,582 [WARN] ConditionMgr:1044 - genDependencies : Invalid condition id : UX DEVICE CLASS RTOS Condition cause : null
2025-09-15 15:31:08,592 [WARN] PackLoader:240 - Cannot read IP mode file for STMicroelectronics.X-CUBE-GNSS1.7.0.1
2025-09-15 15:31:08,599 [WARN] PackLoader:240 - Cannot read IP mode file for STMicroelectronics.X-CUBE-TOUCHGFX.4.25.0
2025-09-15 15:31:08,606 [WARN] ConditionMgr:438 - getConditionDescription Invalid condition id : Cortex-A Device cause : null
2025-09-15 15:31:08,624 [WARN] ConditionMgr:1044 - genDependencies : Invalid condition id : Cortex-A Device cause : null
2025-09-15 15:31:08,624 [WARN] ConditionMgr:1044 - genDependencies : Invalid condition id : Cortex-A Device cause : null
2025-09-15 15:31:08,625 [WARN] ConditionMgr:1044 - genDependencies : Invalid condition id : Cortex-A Device cause : null
2025-09-15 15:31:08,645 [WARN] PackLoader:240 - Cannot read IP mode file for STMicroelectronics.X-CUBE-SUBG2.5.0.0
2025-09-15 15:31:08,682 [WARN] PackLoader:240 - Cannot read IP mode file for STMicroelectronics.X-CUBE-AZRTOS-H7RS.1.1.0
2025-09-15 15:31:08,693 [WARN] PackLoader:240 - Cannot read IP mode file for Cesanta.I-CUBE-Mongoose.7.13.0
2025-09-15 15:31:08,719 [WARN] PackLoader:240 - Cannot read IP mode file for STMicroelectronics.X-CUBE-AZRTOS-G4.2.0.0
2025-09-15 15:31:08,730 [WARN] PackLoader:240 - Cannot read IP mode file for wolfSSL.I-CUBE-wolfSSH.1.4.20
2025-09-15 15:31:08,738 [WARN] PackLoader:240 - Cannot read IP mode file for STMicroelectronics.X-CUBE-NFC7.2.0.0
2025-09-15 15:31:08,764 [WARN] PackLoader:240 - Cannot read IP mode file for STMicroelectronics.X-CUBE-IPS.3.1.0
2025-09-15 15:31:08,780 [WARN] PackLoader:240 - Cannot read IP mode file for STMicroelectronics.X-CUBE-ALS.1.0.2
2025-09-15 15:31:08,792 [WARN] PackLoader:240 - Cannot read IP mode file for STMicroelectronics.X-CUBE-STSE01.1.0.0
2025-09-15 15:31:08,806 [WARN] PackLoader:240 - Cannot read IP mode file for portGmbH.I-Cube-SoM-uGOAL.1.1.0
2025-09-15 15:31:08,826 [WARN] PackLoader:240 - Cannot read IP mode file for STMicroelectronics.X-CUBE-TOF1.3.4.3
2025-09-15 15:31:08,848 [INFO] ThirdParty:978 - Integrity check success = true
2025-09-15 15:31:08,848 [INFO] IntegrityCheckThread:100 - exiting critical section [integrity check]
2025-09-15 15:31:08,848 [INFO] IntegrityCheckThread:103 - End integrity checks thread
2025-09-15 15:33:57,311 [INFO] WebApp:194 - Connection lost
2025-09-15 15:33:57,602 [INFO] WebApp:191 - Connection restablished
2025-09-15 15:33:59,588 [INFO] WebApp:194 - Connection lost
2025-09-15 15:33:59,881 [INFO] WebApp:191 - Connection restablished
2025-09-15 15:55:12,570 [INFO] WebApp:194 - Connection lost
2025-09-15 15:55:12,732 [INFO] WebApp:191 - Connection restablished
2025-09-15 15:55:16,048 [INFO] WebApp:194 - Connection lost
2025-09-15 15:55:16,368 [INFO] WebApp:191 - Connection restablished
2025-09-15 16:03:52,779 [INFO] WebApp:194 - Connection lost
2025-09-15 16:03:53,006 [INFO] WebApp:191 - Connection restablished
2025-09-15 16:03:56,046 [INFO] WebApp:194 - Connection lost
2025-09-15 16:03:56,212 [INFO] WebApp:191 - Connection restablished
2025-09-15 16:38:19,775 [INFO] WebApp:194 - Connection lost
2025-09-15 16:38:20,171 [INFO] WebApp:191 - Connection restablished
2025-09-15 16:38:23,156 [INFO] WebApp:194 - Connection lost
2025-09-15 16:38:23,384 [INFO] WebApp:191 - Connection restablished
2025-09-15 17:02:12,882 [INFO] WebApp:194 - Connection lost
2025-09-15 17:02:13,248 [INFO] WebApp:191 - Connection restablished
2025-09-15 17:02:14,664 [INFO] WebApp:194 - Connection lost
2025-09-15 17:02:15,107 [INFO] WebApp:191 - Connection restablished
